2025-09-18 12:21:00,353 - INFO - === STARTING AUTONOMOUS IMAGE CATEGORIZATION PIPELINE ===
2025-09-18 12:21:00,359 - INFO - Input file: signintest-84632-default-rtdb-active-export.json
2025-09-18 12:21:00,359 - INFO - Output file: final_output.json
2025-09-18 12:21:00,359 - INFO - Screenshots directory: input_screenshots
2025-09-18 12:21:00,359 - INFO - Dry run: False
2025-09-18 12:21:00,359 - INFO - Loading input JSON file...
2025-09-18 12:21:00,359 - INFO - Loaded 292 records
2025-09-18 12:21:00,359 - INFO - Processing record: -OY04XVHntk9JZKXRYDE
2025-09-18 12:21:02,026 - INFO - Processing record: -OY0piHPmDUMudmM9f_s
2025-09-18 12:21:02,499 - INFO - Processing record: -OY1ASqCSZwIDgLGLsXO
2025-09-18 12:21:02,862 - INFO - Processing record: -OY1DPY-PRJ1rmkIFmr3
2025-09-18 12:21:03,231 - INFO - Processing record: -OY1FLjmZacrnPioXCee
2025-09-18 12:21:03,546 - INFO - Processing record: -OY1NHo9N9RoeP8i7md3
2025-09-18 12:21:03,866 - INFO - Processing record: -OY1yNqiZE1o6Re8Jq_i
2025-09-18 12:21:04,090 - INFO - Processing record: -OY1y_srIoMsopT9mpxh
2025-09-18 12:21:04,492 - INFO - Processing record: -OY202US2xZbM61lwH3t
2025-09-18 12:21:04,714 - INFO - Processing record: -OY23JBgs5UsPNMyw3CN
2025-09-18 12:21:05,058 - INFO - Processing record: -OY2Kr5pjIPqCnMKE4oj
2025-09-18 12:21:05,340 - INFO - Processing record: -OY3R0mxCVOa7vkiGELw
2025-09-18 12:21:05,711 - INFO - Processing record: -OY3Veb4x_0U1vbR7OW-
2025-09-18 12:21:05,990 - INFO - Processing record: -OY3dFobW3eaqJdYG_4N
2025-09-18 12:21:06,384 - INFO - Processing record: -OY3dLJbeJWb2j_79tQI
2025-09-18 12:21:06,651 - INFO - Processing record: -OY3dNID5pCuS_a8-iZD
2025-09-18 12:21:06,959 - INFO - Processing record: -OY3erC0hwDwIWnO_UXp
2025-09-18 12:21:07,174 - INFO - Processing record: -OY3iEOhQ6rxiFFZJImj
2025-09-18 12:21:07,440 - INFO - Processing record: -OY3jfgS5qh9-XhT3scP
2025-09-18 12:21:07,718 - INFO - Processing record: -OY3n-qgp-Qa69OR5ECO
2025-09-18 12:21:08,763 - INFO - Processing record: -OY3owxoYfye9t-j7HBs
2025-09-18 12:21:09,240 - INFO - Processing record: -OY3sGQLQ_5VyHT7K1Zv
2025-09-18 12:21:10,683 - INFO - Processing record: -OY3t2YgQPp7t-dJ94tt
2025-09-18 12:21:10,942 - INFO - Processing record: -OY3vV8Q0QWGqxJqWwH6
2025-09-18 12:21:10,943 - INFO - Processing record: -OY3w9kBHXWEelXWTqLS
2025-09-18 12:21:11,380 - INFO - Processing record: -OY4-X6DuBo9WQd1qQjd
2025-09-18 12:21:11,774 - INFO - Processing record: -OY40Tlm5GR2ifvmOW4K
2025-09-18 12:21:12,189 - INFO - Processing record: -OY414w6R6LJdtj0f_9J
2025-09-18 12:21:12,627 - INFO - Processing record: -OY441XmJFt-H2H_txOO
2025-09-18 12:21:12,909 - INFO - Processing record: -OY456U2R0t5Ds_n5lWC
2025-09-18 12:21:12,909 - INFO - Processing record: -OY4F7xfwcvv0ZGaZBjh
2025-09-18 12:21:13,250 - INFO - Processing record: -OY4IVoERYBV_TsGqhZ7
2025-09-18 12:21:13,521 - INFO - Processing record: -OY4Ptdc2knd86MI6w_q
2025-09-18 12:21:13,793 - INFO - Processing record: -OY4i66A5j7-HDjdiTw9
2025-09-18 12:21:14,048 - INFO - Processing record: -OY4jo0R1OuBAZs295wj
2025-09-18 12:21:14,328 - INFO - Processing record: -OY4osdknBLzSVJM6Pp5
2025-09-18 12:21:14,694 - INFO - Processing record: -OY68P8cy_hR1G85Bck7
2025-09-18 12:21:15,142 - INFO - Processing record: -OY6aAU6sGGTNyfxpaVq
2025-09-18 12:21:15,417 - INFO - Processing record: -OY6j1LKFDAnANaTqWe7
2025-09-18 12:21:15,692 - INFO - Processing record: -OY6jrGPYpVwFRtzqoxf
2025-09-18 12:21:16,022 - INFO - Processing record: -OY7D4odswzXEDA1zTSm
2025-09-18 12:21:16,275 - INFO - Processing record: -OY8pywZxlX-1TM9ZWVw
2025-09-18 12:21:17,149 - INFO - Processing record: -OY8xmJinkc_O4D-FuWa
2025-09-18 12:21:17,453 - INFO - Processing record: -OY8yNdYIiLdpiaJSPoj
2025-09-18 12:21:17,792 - INFO - Processing record: -OY8ybR0yFAdr5DPg7kZ
2025-09-18 12:21:18,042 - INFO - Processing record: -OY9-BTEp0UMgmSsewrk
2025-09-18 12:21:18,303 - INFO - Processing record: -OY90GF5HV2QzBi2AP1t
2025-09-18 12:21:18,673 - INFO - Processing record: -OY90GuCfAGpf0q7mAfJ
2025-09-18 12:21:19,102 - INFO - Processing record: -OY91uULcEVGj-NuV_zE
2025-09-18 12:21:19,102 - INFO - Processing record: -OY92-1KbTNtMTA5jyGO
2025-09-18 12:21:19,377 - INFO - Processing record: -OY921ez-T4rN-LzLeKm
2025-09-18 12:21:19,626 - INFO - Processing record: -OY92BmhT508tsrLJWwt
2025-09-18 12:21:20,051 - INFO - Processing record: -OY92C66bMY5cWVTd5a9
2025-09-18 12:21:20,452 - INFO - Processing record: -OY92Y0ZCoMaKEMBE1vQ
2025-09-18 12:21:20,880 - INFO - Processing record: -OY92mDhEwpWs93F6O2a
2025-09-18 12:21:21,195 - INFO - Processing record: -OY92pxNCQR0IPkqXxbc
2025-09-18 12:21:21,470 - INFO - Processing record: -OY92vUXsxTuJ9ydy3TL
2025-09-18 12:21:21,815 - INFO - Processing record: -OY93BlTJAuo0frKy_my
2025-09-18 12:21:21,961 - INFO - Processing record: -OY93Clt1Akuf0maT9M_
2025-09-18 12:21:22,475 - INFO - Processing record: -OY93KVwoZAvegl3pT-Y
2025-09-18 12:21:22,938 - INFO - Processing record: -OY93TmLYsHzTgIbthXl
2025-09-18 12:21:23,164 - INFO - Processing record: -OY93VKe5Yo0ymFqOXrO
2025-09-18 12:21:23,521 - INFO - Processing record: -OY93cp-I68cNAAywfPI
2025-09-18 12:21:23,703 - INFO - Processing record: -OY93gqLg6vt1D3_ADh7
2025-09-18 12:21:24,122 - INFO - Processing record: -OY94IYUSXXyhbdAvnSY
2025-09-18 12:21:24,457 - INFO - Processing record: -OY94fiQ_jh5_7OaYGrv
2025-09-18 12:21:24,804 - INFO - Processing record: -OY94nN4JSpuZ3oooa1g
2025-09-18 12:21:25,384 - INFO - Processing record: -OY958mP6Plj7oNnLFq7
2025-09-18 12:21:25,748 - INFO - Processing record: -OY95IKN8BbmMS8R3bD3
2025-09-18 12:21:26,042 - INFO - Processing record: -OY95MXWh8XnJJxdcA_w
2025-09-18 12:21:26,365 - INFO - Processing record: -OY95SM4Twtvgyfw4By7
2025-09-18 12:21:26,863 - INFO - Processing record: -OY961Q10nGcGG2-eF_f
2025-09-18 12:21:27,181 - INFO - Processing record: -OY96VjPlGBJMwLwdv-j
2025-09-18 12:21:27,388 - INFO - Processing record: -OY96aun1_uPf4yyzK9h
2025-09-18 12:21:27,681 - INFO - Processing record: -OY96s7rYj22H6CS8CIV
2025-09-18 12:21:27,985 - INFO - Processing record: -OY97JMbVrjfzgn4Zo4B
2025-09-18 12:21:28,251 - INFO - Processing record: -OY97VoIRy_vK2ow7wRt
2025-09-18 12:21:28,651 - INFO - Processing record: -OY97cISBVFPc0kTMk9w
2025-09-18 12:21:28,930 - INFO - Processing record: -OY98Tul0b5wX2poNT80
2025-09-18 12:21:29,380 - INFO - Processing record: -OY99szXvjkl18w_mxot
2025-09-18 12:21:29,551 - INFO - Processing record: -OY9AKt5H1QACAUgAvlW
2025-09-18 12:21:29,910 - INFO - Processing record: -OY9FLRNX0hkTMr3nVA_
2025-09-18 12:21:30,238 - INFO - Processing record: -OY9N3zOSTm0ghvAN1Kf
2025-09-18 12:21:30,605 - INFO - Processing record: -OY9SL4vdEHjptUHTej0
2025-09-18 12:21:31,143 - INFO - Processing record: -OY9vLE-CXD2Zvm6yhAw
2025-09-18 12:21:31,355 - INFO - Processing record: -OYBDlPOJHnJRyYDXihu
2025-09-18 12:21:31,701 - INFO - Processing record: -OYBIWNTMJCid7UqbEJz
2025-09-18 12:21:31,965 - INFO - Processing record: -OYCEtTOvfKwuMKFKV3P
2025-09-18 12:21:32,300 - INFO - Processing record: -OYCQDix33ScKYBPb2BB
2025-09-18 12:21:32,726 - INFO - Processing record: -OYDv14xMJvPYoat8e49
2025-09-18 12:21:33,000 - INFO - Processing record: -OYDzyqA1S0owfb9Gi8A
2025-09-18 12:21:33,755 - INFO - Processing record: -OYE1TK2QJGEe-MT0RYS
2025-09-18 12:21:34,187 - INFO - Processing record: -OYE49lZAAeWQ1eS3YAj
2025-09-18 12:21:34,409 - INFO - Processing record: -OYE67fZ4Rf45rl0Yygc
2025-09-18 12:21:34,640 - INFO - Processing record: -OYELu7rP96xKsJyR4lM
2025-09-18 12:21:35,020 - INFO - Processing record: -OYEXn3on4nTTtL7hpf3
2025-09-18 12:21:35,338 - INFO - Processing record: -OYEc4j7GR4FkNTPI61o
2025-09-18 12:21:35,772 - INFO - Processing record: -OYEctpfko9IhJvm1JIM
2025-09-18 12:21:36,122 - INFO - Processing record: -OYEdxsNT4TdxbnLH2tQ
2025-09-18 12:21:37,294 - INFO - Processing record: -OYEm45mWQLErw3AOfg5
2025-09-18 12:21:37,533 - INFO - Processing record: -OYEn764MKN7GAiyW2ps
2025-09-18 12:21:38,031 - INFO - Processing record: -OYF4x-zXaxV1HzJ9mE9
2025-09-18 12:21:38,383 - INFO - Processing record: -OYGFFa85mq7bXpio_Tu
2025-09-18 12:21:38,768 - INFO - Processing record: -OYHJrPurDSKW5Gh81QW
2025-09-18 12:21:39,023 - INFO - Processing record: -OYHLk_3pCGGLflMYyIt
2025-09-18 12:21:40,045 - INFO - Processing record: -OYHP-MUxkKJhUJNz6dV
2025-09-18 12:21:40,330 - INFO - Processing record: -OYJ5gdmjc3IXTiCnclz
2025-09-18 12:21:42,448 - INFO - Processing record: -OYJB_T2vbPw5bmLjhHV
2025-09-18 12:21:42,788 - INFO - Processing record: -OYJFm5zlPx1X9fwo5P5
2025-09-18 12:21:43,020 - INFO - Processing record: -OYJRV_eQSSv0C72WaTf
2025-09-18 12:21:44,221 - INFO - Processing record: -OYJS4776OGuzPQi989-
2025-09-18 12:21:44,433 - INFO - Processing record: -OYJSCG9Io01GD2O0VX4
2025-09-18 12:21:44,624 - INFO - Processing record: -OYJTN_D7gkqag9qs8Jp
2025-09-18 12:21:44,749 - INFO - Processing record: -OYJTdVGO0gzVMdzH6dY
2025-09-18 12:21:45,246 - INFO - Processing record: -OYJTv9XGTvBS8VD8RcX
2025-09-18 12:21:45,570 - INFO - Processing record: -OYJkPJJyCeYacTBCqce
2025-09-18 12:21:45,939 - INFO - Processing record: -OYJy7295W4vMWAi4MYF
2025-09-18 12:21:46,246 - INFO - Processing record: -OYKDw5gQXLlC9tgiNVE
2025-09-18 12:21:46,439 - INFO - Processing record: -OYKFbuZ0_GxKwMxcExS
2025-09-18 12:21:46,762 - INFO - Processing record: -OYL54lBqguc6rZ_3eRx
2025-09-18 12:21:47,003 - INFO - Processing record: -OYLXUphpavZcn3UMbZE
2025-09-18 12:21:47,308 - INFO - Processing record: -OYLXcK1q0etab3Gd42U
2025-09-18 12:21:47,599 - INFO - Processing record: -OYLY6tVbZSDpRxQCNu6
2025-09-18 12:21:47,920 - INFO - Processing record: -OYLbij0RzPEhVnurC7V
2025-09-18 12:21:48,216 - INFO - Processing record: -OYLkLcWZwJ_TEPp8WGO
2025-09-18 12:21:48,511 - INFO - Processing record: -OYMW1WQVk_EIHcfSZj9
2025-09-18 12:21:48,892 - INFO - Processing record: -OYO8nuo9BbxdE60wVDX
2025-09-18 12:21:51,047 - INFO - Processing record: -OYOGmtJEqhHgJQmGdhr
2025-09-18 12:21:53,180 - INFO - Processing record: -OYOL6JfLrjwD3ScHtW8
2025-09-18 12:21:53,540 - INFO - Processing record: -OYONSPaq8UKma2K6klP
2025-09-18 12:21:53,940 - INFO - Processing record: -OYOPydEnJ2cc_gNP8j5
2025-09-18 12:21:54,244 - INFO - Processing record: -OYOVUkPDRyWVQHCjREW
2025-09-18 12:21:54,625 - INFO - Processing record: -OYOVu9h58GVJveFFhUF
2025-09-18 12:21:54,917 - INFO - Processing record: -OYOaCEc6VR53zP9gHQg
2025-09-18 12:21:55,206 - INFO - Processing record: -OYOaakWGFOeIHzU22yL
2025-09-18 12:21:55,513 - INFO - Processing record: -OYObLc6gve2ulm9Bdds
2025-09-18 12:21:56,542 - INFO - Processing record: -OYOn1d9X0w8vg9RxV77
2025-09-18 12:21:56,948 - INFO - Processing record: -OYOuctXf7mMy8WyeTje
2025-09-18 12:21:57,092 - INFO - Processing record: -OYOzt1hg7QXwxrWSI5_
2025-09-18 12:21:57,367 - INFO - Processing record: -OYP5cHkUCB7J5QlJ0Wk
2025-09-18 12:21:57,671 - INFO - Processing record: -OYP65gK5GE7thQTHzk_
2025-09-18 12:21:57,977 - INFO - Processing record: -OYPEb30FStxmpSyP1Pe
2025-09-18 12:21:58,231 - INFO - Processing record: -OYPLRM4qHyRbYfF91p5
2025-09-18 12:21:58,955 - INFO - Processing record: -OYPZnxAaOuhKt4E8_fj
2025-09-18 12:21:59,384 - INFO - Processing record: -OYPbikWfQSuuECb0e9O
2025-09-18 12:21:59,719 - INFO - Processing record: -OYReU0nywyUrkQ3r8TE
2025-09-18 12:21:59,982 - INFO - Processing record: -OYRjAKwGtGqH6QUlRFR
2025-09-18 12:22:00,216 - INFO - Processing record: -OYRk-P0agEjU2kOU7jT
2025-09-18 12:22:00,538 - INFO - Processing record: -OYTPKYGQk11GCzjXyJ_
2025-09-18 12:22:01,014 - INFO - Processing record: -OYTS2YZ17cgLMicWfgA
2025-09-18 12:22:01,314 - INFO - Processing record: -OYTgj92iypRAZgDXJCJ
2025-09-18 12:22:01,704 - INFO - Processing record: -OYTjy2EZzyxJUXiBFcw
2025-09-18 12:22:01,932 - INFO - Processing record: -OYTzPHnyjGX4l-y8Q2Y
2025-09-18 12:22:02,485 - INFO - Processing record: -OYU4_RvACqrba709jFt
2025-09-18 12:22:02,875 - INFO - Processing record: -OYUm62X4Uera8acSrfC
2025-09-18 12:22:03,603 - INFO - Processing record: -OYVq9IGO6PKMqsS2Dta
2025-09-18 12:22:03,933 - INFO - Processing record: -OYX-pB7dum-jWlFW0Zz
2025-09-18 12:22:04,159 - INFO - Processing record: -OYY_brXewb9jcMNOHRZ
2025-09-18 12:22:04,413 - INFO - Processing record: -OYYzSjrvbQzSlykKqV4
2025-09-18 12:22:04,532 - INFO - Processing record: -OYZLoDqS5LzK5ZFopZx
2025-09-18 12:22:04,747 - INFO - Processing record: -OYZVy0if-PDPgU-FoOU
2025-09-18 12:22:05,331 - INFO - Processing record: -OYZu_CVtDlm7cnEz898
2025-09-18 12:22:06,072 - INFO - Processing record: -OY_nhh0CtM0jiD3kayU
2025-09-18 12:22:06,239 - INFO - Processing record: -OYaOhHxV-CeXxQZe__z
2025-09-18 12:22:06,533 - INFO - Processing record: -OYctLASgxZ-zO3YCXoY
2025-09-18 12:22:07,081 - INFO - Processing record: -OYdOyArmooMBVQ1dKqI
2025-09-18 12:22:07,407 - INFO - Processing record: -OYdmHv7tmjbdefafteL
2025-09-18 12:22:07,598 - INFO - Processing record: -OYdt6fOFXD84c9D2_ym
2025-09-18 12:22:08,370 - INFO - Processing record: -OYfHDAVsE81l-rjaVQx
2025-09-18 12:22:08,646 - INFO - Processing record: -OYfK7hwlpIH063zgc7v
2025-09-18 12:22:09,031 - INFO - Processing record: -OYhoIBHd9_O9My1vwtW
2025-09-18 12:22:09,714 - INFO - Processing record: -OYi0hEGTiUh0_hNzOEl
2025-09-18 12:22:09,902 - INFO - Processing record: -OYiatMmPei_rYQzo4rO
2025-09-18 12:22:10,543 - INFO - Processing record: -OYibrYnTqwjbf9z8pmX
2025-09-18 12:22:10,957 - INFO - Processing record: -OYj1OdNol6npYNp0yoq
2025-09-18 12:22:11,306 - INFO - Processing record: -OYj2IMYMnPqT3Wgxxck
2025-09-18 12:22:11,538 - INFO - Processing record: -OYjA-Rl_WLNLxJwu8Zh
2025-09-18 12:22:11,878 - INFO - Processing record: -OYlC6dkxySAZCVvkUs_
2025-09-18 12:22:12,175 - INFO - Processing record: -OYnE4J9JYgToyC98lRe
2025-09-18 12:22:12,583 - INFO - Processing record: -OYnYOdWFlwIT_jegml6
2025-09-18 12:22:13,770 - INFO - Processing record: -OYnhbxHtyBbt0bKcDzz
2025-09-18 12:22:14,054 - INFO - Processing record: -OYnr5m5PHyTNqqMT4vF
2025-09-18 12:22:14,330 - INFO - Processing record: -OYo0pJvtQv_2BVF1CRo
2025-09-18 12:22:15,064 - INFO - Processing record: -OYs2-xItoPeuSQBuvSr
2025-09-18 12:22:15,414 - INFO - Processing record: -OYsOaLeDzvmiKuAwlQ5
2025-09-18 12:22:15,803 - INFO - Processing record: -OYsbgRyY8Dy6mvUv69-
2025-09-18 12:22:15,937 - INFO - Processing record: -OYtBXK1sOsbJC0l12oT
2025-09-18 12:22:16,155 - INFO - Processing record: -OYtMaTq2Wo1GwOQd1sT
2025-09-18 12:22:16,449 - INFO - Processing record: -OYu_XVe7mVh3ScprPtv
2025-09-18 12:22:16,848 - INFO - Processing record: -OYu_fTKYK27hCmHtlvH
2025-09-18 12:22:17,268 - INFO - Processing record: -OYxFmfe9OfgUAdLHm8J
2025-09-18 12:22:17,589 - INFO - Processing record: -OYxaqI5ca83swlIYhsm
2025-09-18 12:22:17,838 - INFO - Processing record: -OYxcrr46uoajQG4OHhL
2025-09-18 12:22:18,121 - INFO - Processing record: -OYxx1kdoq-szTqlbwNq
2025-09-18 12:22:18,471 - INFO - Processing record: -OYyMAYCDRTO69xy6N3c
2025-09-18 12:22:18,879 - INFO - Processing record: -OYyXVzx6tcSQ7Iu3mwE
2025-09-18 12:22:19,227 - INFO - Processing record: -OYyZ08Jnn7KjXyhAYuw
2025-09-18 12:22:20,042 - INFO - Processing record: -OZ-BqjAXyHrT5J1fBH0
2025-09-18 12:22:20,372 - INFO - Processing record: -OZ-dLGSxb8GRMI4d2NX
2025-09-18 12:22:20,372 - INFO - Processing record: -OZ1YTCzYceR1oD7EuGE
2025-09-18 12:22:20,730 - INFO - Processing record: -OZ1diQHv0zuesxW5GUE
2025-09-18 12:22:21,736 - INFO - Processing record: -OZ1r9n0CZDqzB0ud62L
2025-09-18 12:22:22,167 - INFO - Processing record: -OZ2lfDFqI8feQaH6pKS
2025-09-18 12:22:22,911 - INFO - Processing record: -OZ6b68DqgZtHCyXDWdC
2025-09-18 12:22:23,177 - INFO - Processing record: -OZ6dGzf0BZA6sfI038T
2025-09-18 12:22:23,603 - INFO - Processing record: -OZ6gG9UcPumARlQUBtL
2025-09-18 12:22:24,311 - INFO - Processing record: -OZ6q7fIFKbmgqdnQ_-r
2025-09-18 12:22:24,701 - INFO - Processing record: -OZ6uW7SzBp2JwVZ6gi8
2025-09-18 12:22:25,095 - INFO - Processing record: -OZ7tXwuJl_31x81JIyf
2025-09-18 12:22:25,255 - INFO - Processing record: -OZBuMt7EwfRYvW8RJw4
2025-09-18 12:22:25,257 - INFO - Processing record: -OZBubLO2QfjLXa0Kmd6
2025-09-18 12:22:25,892 - INFO - Processing record: -OZC1jBTozThm-_7j4_K
2025-09-18 12:22:26,160 - INFO - Processing record: -OZC7US8BT12X_0UgY9q
2025-09-18 12:22:26,626 - INFO - Processing record: -OZD-3BYm6oHd_b-FRIY
2025-09-18 12:22:27,370 - INFO - Processing record: -OZEoM_Ly8RROIhdWLCs
2025-09-18 12:22:27,715 - INFO - Processing record: -OZExl2cw0OiqDn4f3Ft
2025-09-18 12:22:28,088 - INFO - Processing record: -OZHRX7yZXpNAd1BO2DY
2025-09-18 12:22:28,452 - INFO - Processing record: -OZI92DusuOsR0swL5X_
2025-09-18 12:22:29,203 - INFO - Processing record: -OZM3dfd0xQppKcEk9LJ
2025-09-18 12:22:29,403 - INFO - Processing record: -OZM5SlGyOXIDB97LRGQ
2025-09-18 12:22:29,690 - INFO - Processing record: -OZM7SJ4xd2tKfGj6Rv2
2025-09-18 12:22:29,943 - INFO - Processing record: -OZMONm69iOM7S0c6Rrv
2025-09-18 12:22:30,183 - INFO - Processing record: -OZMQhBhu5Yoz-Y6o2Hb
2025-09-18 12:22:30,569 - INFO - Processing record: -OZMdvRyNwzxlNcvrq82
2025-09-18 12:22:30,569 - INFO - Processing record: -OZMeaIshv293dJ3pgvs
2025-09-18 12:22:30,798 - INFO - Processing record: -OZRGDCHuKkelb_lqVoP
2025-09-18 12:22:31,050 - INFO - Processing record: -OZROl8dcYApyc2zLRfY
2025-09-18 12:22:31,332 - INFO - Processing record: -OZRVd6uv-kjMacBvyFe
2025-09-18 12:22:31,994 - INFO - Processing record: -OZRVlBLLNl__vHpply1
2025-09-18 12:22:32,390 - INFO - Processing record: -OZRfKV5tjr8F7jnqrH0
2025-09-18 12:22:32,720 - INFO - Processing record: -OZS2zA77Qxej4OmuPVB
2025-09-18 12:22:32,921 - INFO - Processing record: -OZSVWuJDeHeUY3cE_w4
2025-09-18 12:22:33,449 - INFO - Processing record: -OZSVwIo-WYENwdm6L1F
2025-09-18 12:22:33,693 - INFO - Processing record: -OZU8Y75VBOOZfRSqdhs
2025-09-18 12:22:34,103 - INFO - Processing record: -OZWRu7NFS1fZv5pEFwb
2025-09-18 12:22:34,454 - INFO - Processing record: -OZWeqkdEs-0SsjSAVoU
2025-09-18 12:22:34,601 - INFO - Processing record: -OZWld6TQZUasEro3yf1
2025-09-18 12:22:34,839 - INFO - Processing record: -OZX9rdPkcno-oMVA9ah
2025-09-18 12:22:35,055 - INFO - Processing record: -OZXEzW8DxQCMdtGC39u
2025-09-18 12:22:35,377 - INFO - Processing record: -OZXFd5zR_27UdlNZwAJ
2025-09-18 12:22:35,696 - INFO - Processing record: -OZXMEnO9tt643PXIXbd
2025-09-18 12:22:35,983 - INFO - Processing record: -OZZybMRuZZT1j09h8ED
2025-09-18 12:22:36,335 - INFO - Processing record: -OZb3Orn87mG0KHWlpRU
2025-09-18 12:22:36,634 - INFO - Processing record: -OZb6_pPfBCRxLr5jQIb
2025-09-18 12:22:36,634 - INFO - Processing record: -OZbG5vkBgjnkp3eRYFj
2025-09-18 12:22:37,075 - INFO - Processing record: -OZbJALv-v1GtayM0gyc
2025-09-18 12:22:37,496 - INFO - Processing record: -OZbXB9wT1EkP6IheMrK
2025-09-18 12:22:37,852 - INFO - Processing record: -OZfhuhul33hLhq5LEji
2025-09-18 12:22:38,099 - INFO - Processing record: -OZfrJDUhOJbOYLRpvCJ
2025-09-18 12:22:38,531 - INFO - Processing record: -OZfrqxAFqv0mHfZCT1F
2025-09-18 12:22:38,819 - INFO - Processing record: -OZfrvuObTScBWtZCUzg
2025-09-18 12:22:39,038 - INFO - Processing record: -OZfrwelWPbtZNH_CgOL
2025-09-18 12:22:39,348 - INFO - Processing record: -OZfsa_vuzTynOl6mqvq
2025-09-18 12:22:39,673 - INFO - Processing record: -OZfsxQY4jDGj094SgRb
2025-09-18 12:22:39,972 - INFO - Processing record: -OZfuVNVlFi1XAn_p_hB
2025-09-18 12:22:40,395 - INFO - Processing record: -OZfwSh0VjVG92IxUhGi
2025-09-18 12:22:40,925 - INFO - Processing record: -OZfwhoSChpP3VmGKR__
2025-09-18 12:22:41,343 - INFO - Processing record: -OZfwx_4k99hz9Eo1KC1
2025-09-18 12:22:41,593 - INFO - Processing record: -OZfxc08tCxxNPmRZe5z
2025-09-18 12:22:41,593 - INFO - Processing record: -OZfyP1ZMagirLr5Q-Mu
2025-09-18 12:22:41,593 - INFO - Processing record: -OZfyaHdFy-lpMQbSCgF
2025-09-18 12:22:41,963 - INFO - Processing record: -OZfyb5_rTtIR05Wy_nB
2025-09-18 12:22:42,273 - INFO - Processing record: -OZgESdUAKHaHKKfYCSL
2025-09-18 12:22:42,563 - INFO - Processing record: -OZgEbUBNPdmIahlEM_z
2025-09-18 12:22:42,940 - INFO - Processing record: -OZgiDPSM4A91N6BavJi
2025-09-18 12:22:43,191 - INFO - Processing record: -OZgidD40LzrwH_RnkjA
2025-09-18 12:22:43,369 - INFO - Processing record: -OZglGXRcKOfpWjdiEP0
2025-09-18 12:22:43,673 - INFO - Processing record: -OZgm9kmtfHvIVpNYLZj
2025-09-18 12:22:43,899 - INFO - Processing record: -OZgxewJlRZ8MaR_BZ65
2025-09-18 12:22:44,184 - INFO - Processing record: -OZh7ZPpXjIA6M_jujyi
2025-09-18 12:22:44,486 - INFO - Processing record: -OZi0dcHuUlcTG2qFBmk
2025-09-18 12:22:44,762 - INFO - Processing record: -OZiPUds8thKFl7n-HjN
2025-09-18 12:22:45,024 - INFO - Processing record: -OZkuk4su8W44gdoPQif
2025-09-18 12:22:45,441 - INFO - Processing record: -OZl-wlLrhKd1BBBBouS
2025-09-18 12:22:45,849 - INFO - Processing record: -OZl4JGqzxFGGckrc5iX
2025-09-18 12:22:46,170 - INFO - Processing record: -OZl7e2JXNDwzJv6bFaf
2025-09-18 12:22:46,530 - INFO - Processing record: -OZlSWSzG-pL68Qc6E-A
2025-09-18 12:22:46,736 - INFO - Processing record: -OZlTqWuB6qg3iDs05jm
2025-09-18 12:22:47,042 - INFO - Processing record: -OZlw5hl-DGqOcrljQS3
2025-09-18 12:22:47,637 - INFO - Processing record: -OZlycRKQK24yu8w9zMP
2025-09-18 12:22:47,911 - INFO - Processing record: -OZps-e1kBCb7lOHUPR6
2025-09-18 12:22:48,185 - INFO - Processing record: -OZq8dEHADJqZh3_2xka
2025-09-18 12:22:48,541 - INFO - Processing record: -OZqqy4zeTRuoaOA7271
2025-09-18 12:22:48,930 - INFO - Processing record: -OZr896CS4IBOf0M0uSh
2025-09-18 12:22:49,280 - INFO - Processing record: -OZrD2JzuvFb4DtUsa3d
2025-09-18 12:22:49,561 - INFO - Processing record: -O_-kpaqzMo_-t2EVpVP
2025-09-18 12:22:49,932 - INFO - Processing record: -O_07zpgquEwe7y-a9Pa
2025-09-18 12:22:50,309 - INFO - Processing record: -O_0G0g0zq0BmlenmxYE
2025-09-18 12:22:50,548 - INFO - Processing record: -O_5-A_kqmJwku68U14z
2025-09-18 12:22:50,781 - INFO - Processing record: -O_FwFrHu1yXjeOlO1k0
2025-09-18 12:22:51,017 - INFO - Processing record: -O_Giedq1U96nex6GYC-
2025-09-18 12:22:51,310 - INFO - Processing record: -O_LEmHSa1-mk42mwxvV
2025-09-18 12:22:52,138 - INFO - Saving output to: final_output.json
2025-09-18 12:22:52,144 - INFO - 
=== PIPELINE STATISTICS ===
2025-09-18 12:22:52,145 - INFO - Total records: 292
2025-09-18 12:22:52,145 - INFO - Records processed: 292
2025-09-18 12:22:52,145 - INFO - Images downloaded: 0
2025-09-18 12:22:52,145 - INFO - Download failures: 0
2025-09-18 12:22:52,145 - INFO - Successful categorizations: 0
2025-09-18 12:22:52,145 - INFO - Fallback categorizations: 0
2025-09-18 12:22:52,145 - INFO - Processing success rate: 100.0%
2025-09-18 12:22:52,145 - INFO - === PIPELINE COMPLETED SUCCESSFULLY ===
2025-09-19 12:57:47,625 - INFO - === STARTING AUTONOMOUS IMAGE CATEGORIZATION PIPELINE ===
2025-09-19 12:57:47,625 - INFO - Input file: signintest-84632-default-rtdb-active-export.json
2025-09-19 12:57:47,625 - INFO - Output file: final_output.json
2025-09-19 12:57:47,625 - INFO - Screenshots directory: input_screenshots
2025-09-19 12:57:47,630 - INFO - Dry run: True
2025-09-19 12:57:47,630 - INFO - Loading input JSON file...
2025-09-19 12:57:47,632 - INFO - Loaded 292 records
2025-09-19 12:57:47,632 - INFO - Processing record: -OY04XVHntk9JZKXRYDE
2025-09-19 12:57:49,260 - INFO - Processing record: -OY0piHPmDUMudmM9f_s
2025-09-19 12:57:50,117 - INFO - Processing record: -OY1ASqCSZwIDgLGLsXO
2025-09-19 12:57:50,834 - INFO - Processing record: -OY1DPY-PRJ1rmkIFmr3
2025-09-19 12:57:51,534 - INFO - Processing record: -OY1FLjmZacrnPioXCee
2025-09-19 12:57:52,094 - INFO - Processing record: -OY1NHo9N9RoeP8i7md3
2025-09-19 12:57:52,711 - INFO - Processing record: -OY1yNqiZE1o6Re8Jq_i
2025-09-19 12:57:53,137 - INFO - Processing record: -OY1y_srIoMsopT9mpxh
2025-09-19 12:57:53,921 - INFO - Processing record: -OY202US2xZbM61lwH3t
2025-09-19 12:57:55,990 - INFO - Processing record: -OY23JBgs5UsPNMyw3CN
2025-09-19 12:57:56,665 - INFO - Processing record: -OY2Kr5pjIPqCnMKE4oj
2025-09-19 12:57:57,225 - INFO - Processing record: -OY3R0mxCVOa7vkiGELw
2025-09-19 12:57:57,952 - INFO - Processing record: -OY3Veb4x_0U1vbR7OW-
2025-09-19 12:57:58,501 - INFO - Processing record: -OY3dFobW3eaqJdYG_4N
2025-09-19 12:57:59,275 - INFO - Processing record: -OY3dLJbeJWb2j_79tQI
2025-09-19 12:57:59,824 - INFO - Processing record: -OY3dNID5pCuS_a8-iZD
2025-09-19 12:58:00,422 - INFO - Processing record: -OY3erC0hwDwIWnO_UXp
2025-09-19 12:58:02,424 - INFO - Processing record: -OY3iEOhQ6rxiFFZJImj
2025-09-19 12:58:02,990 - INFO - Processing record: -OY3jfgS5qh9-XhT3scP
2025-09-19 12:58:03,592 - INFO - Processing record: -OY3n-qgp-Qa69OR5ECO
2025-09-19 12:58:05,376 - INFO - Processing record: -OY3owxoYfye9t-j7HBs
2025-09-19 12:58:07,800 - INFO - Processing record: -OY3sGQLQ_5VyHT7K1Zv
2025-09-19 12:58:10,968 - INFO - Processing record: -OY3t2YgQPp7t-dJ94tt
2025-09-19 12:58:11,510 - INFO - Processing record: -OY3vV8Q0QWGqxJqWwH6
2025-09-19 12:58:11,515 - INFO - Processing record: -OY3w9kBHXWEelXWTqLS
2025-09-19 12:58:13,126 - INFO - Processing record: -OY4-X6DuBo9WQd1qQjd
2025-09-19 12:58:14,009 - INFO - Processing record: -OY40Tlm5GR2ifvmOW4K
2025-09-19 12:58:14,775 - INFO - Processing record: -OY414w6R6LJdtj0f_9J
2025-09-19 12:58:15,596 - INFO - Processing record: -OY441XmJFt-H2H_txOO
2025-09-19 12:58:16,115 - INFO - Processing record: -OY456U2R0t5Ds_n5lWC
2025-09-19 12:58:16,115 - INFO - Processing record: -OY4F7xfwcvv0ZGaZBjh
2025-09-19 12:58:17,171 - INFO - Processing record: -OY4IVoERYBV_TsGqhZ7
2025-09-19 12:58:17,754 - INFO - Processing record: -OY4Ptdc2knd86MI6w_q
2025-09-19 12:58:18,244 - INFO - Processing record: -OY4i66A5j7-HDjdiTw9
2025-09-19 12:58:18,740 - INFO - Processing record: -OY4jo0R1OuBAZs295wj
2025-09-19 12:58:19,524 - INFO - Processing record: -OY4osdknBLzSVJM6Pp5
2025-09-19 12:58:20,471 - INFO - Processing record: -OY68P8cy_hR1G85Bck7
2025-09-19 12:58:21,490 - INFO - Processing record: -OY6aAU6sGGTNyfxpaVq
2025-09-19 12:58:21,978 - INFO - Processing record: -OY6j1LKFDAnANaTqWe7
2025-09-19 12:58:22,631 - INFO - Processing record: -OY6jrGPYpVwFRtzqoxf
2025-09-19 12:58:24,081 - INFO - Processing record: -OY7D4odswzXEDA1zTSm
2025-09-19 12:58:24,634 - INFO - Processing record: -OY8pywZxlX-1TM9ZWVw
2025-09-19 12:58:26,452 - INFO - Processing record: -OY8xmJinkc_O4D-FuWa
2025-09-19 12:58:27,043 - INFO - Processing record: -OY8yNdYIiLdpiaJSPoj
2025-09-19 12:58:27,752 - INFO - Processing record: -OY8ybR0yFAdr5DPg7kZ
2025-09-19 12:58:28,215 - INFO - Processing record: -OY9-BTEp0UMgmSsewrk
2025-09-19 12:58:28,640 - INFO - Processing record: -OY90GF5HV2QzBi2AP1t
2025-09-19 12:58:30,631 - INFO - Processing record: -OY90GuCfAGpf0q7mAfJ
2025-09-19 12:58:31,510 - INFO - Processing record: -OY91uULcEVGj-NuV_zE
2025-09-19 12:58:31,510 - INFO - Processing record: -OY92-1KbTNtMTA5jyGO
2025-09-19 12:58:32,011 - INFO - Processing record: -OY921ez-T4rN-LzLeKm
2025-09-19 12:58:33,546 - INFO - Processing record: -OY92BmhT508tsrLJWwt
2025-09-19 12:58:35,186 - INFO - Processing record: -OY92C66bMY5cWVTd5a9
2025-09-19 12:58:37,946 - INFO - Processing record: -OY92Y0ZCoMaKEMBE1vQ
2025-09-19 12:58:38,799 - INFO - Processing record: -OY92mDhEwpWs93F6O2a
2025-09-19 12:58:39,440 - INFO - Processing record: -OY92pxNCQR0IPkqXxbc
2025-09-19 12:58:40,302 - INFO - Processing record: -OY92vUXsxTuJ9ydy3TL
2025-09-19 12:58:41,042 - INFO - Processing record: -OY93BlTJAuo0frKy_my
2025-09-19 12:58:41,354 - INFO - Processing record: -OY93Clt1Akuf0maT9M_
2025-09-19 12:58:42,367 - INFO - Processing record: -OY93KVwoZAvegl3pT-Y
2025-09-19 12:58:43,367 - INFO - Processing record: -OY93TmLYsHzTgIbthXl
2025-09-19 12:58:44,494 - INFO - Processing record: -OY93VKe5Yo0ymFqOXrO
2025-09-19 12:58:45,094 - INFO - Processing record: -OY93cp-I68cNAAywfPI
2025-09-19 12:58:46,550 - INFO - Processing record: -OY93gqLg6vt1D3_ADh7
2025-09-19 12:58:48,189 - INFO - Processing record: -OY94IYUSXXyhbdAvnSY
2025-09-19 12:58:48,840 - INFO - Processing record: -OY94fiQ_jh5_7OaYGrv
2025-09-19 12:58:49,427 - INFO - Processing record: -OY94nN4JSpuZ3oooa1g
2025-09-19 12:58:50,538 - INFO - Processing record: -OY958mP6Plj7oNnLFq7
2025-09-19 12:58:52,086 - INFO - Processing record: -OY95IKN8BbmMS8R3bD3
2025-09-19 12:58:52,675 - INFO - Processing record: -OY95MXWh8XnJJxdcA_w
2025-09-19 12:58:53,403 - INFO - Processing record: -OY95SM4Twtvgyfw4By7
2025-09-19 12:58:55,758 - INFO - Processing record: -OY961Q10nGcGG2-eF_f
2025-09-19 12:58:57,821 - INFO - Processing record: -OY96VjPlGBJMwLwdv-j
2025-09-19 12:58:58,299 - INFO - Processing record: -OY96aun1_uPf4yyzK9h
2025-09-19 12:58:59,867 - INFO - Processing record: -OY96s7rYj22H6CS8CIV
2025-09-19 12:59:00,618 - INFO - Processing record: -OY97JMbVrjfzgn4Zo4B
2025-09-19 12:59:01,336 - INFO - Processing record: -OY97VoIRy_vK2ow7wRt
2025-09-19 12:59:02,296 - INFO - Processing record: -OY97cISBVFPc0kTMk9w
2025-09-19 12:59:02,789 - INFO - Processing record: -OY98Tul0b5wX2poNT80
2025-09-19 12:59:03,536 - INFO - Processing record: -OY99szXvjkl18w_mxot
2025-09-19 12:59:03,846 - INFO - Processing record: -OY9AKt5H1QACAUgAvlW
2025-09-19 12:59:04,540 - INFO - Processing record: -OY9FLRNX0hkTMr3nVA_
2025-09-19 12:59:05,202 - INFO - Processing record: -OY9N3zOSTm0ghvAN1Kf
2025-09-19 12:59:05,900 - INFO - Processing record: -OY9SL4vdEHjptUHTej0
2025-09-19 12:59:08,567 - INFO - Processing record: -OY9vLE-CXD2Zvm6yhAw
2025-09-19 12:59:08,975 - INFO - Processing record: -OYBDlPOJHnJRyYDXihu
2025-09-19 12:59:12,233 - INFO - Processing record: -OYBIWNTMJCid7UqbEJz
2025-09-19 12:59:12,760 - INFO - Processing record: -OYCEtTOvfKwuMKFKV3P
2025-09-19 12:59:13,348 - INFO - Processing record: -OYCQDix33ScKYBPb2BB
2025-09-19 12:59:14,217 - INFO - Processing record: -OYDv14xMJvPYoat8e49
2025-09-19 12:59:14,731 - INFO - Processing record: -OYDzyqA1S0owfb9Gi8A
2025-09-19 12:59:16,160 - INFO - Processing record: -OYE1TK2QJGEe-MT0RYS
2025-09-19 12:59:16,955 - INFO - Processing record: -OYE49lZAAeWQ1eS3YAj
2025-09-19 12:59:17,372 - INFO - Processing record: -OYE67fZ4Rf45rl0Yygc
2025-09-19 12:59:17,802 - INFO - Processing record: -OYELu7rP96xKsJyR4lM
2025-09-19 12:59:18,482 - INFO - Processing record: -OYEXn3on4nTTtL7hpf3
2025-09-19 12:59:19,075 - INFO - Processing record: -OYEc4j7GR4FkNTPI61o
2025-09-19 12:59:19,924 - INFO - Processing record: -OYEctpfko9IhJvm1JIM
2025-09-19 12:59:20,575 - INFO - Processing record: -OYEdxsNT4TdxbnLH2tQ
2025-09-19 12:59:22,890 - INFO - Processing record: -OYEm45mWQLErw3AOfg5
2025-09-19 12:59:23,341 - INFO - Processing record: -OYEn764MKN7GAiyW2ps
2025-09-19 12:59:24,368 - INFO - Processing record: -OYF4x-zXaxV1HzJ9mE9
2025-09-19 12:59:25,000 - INFO - Processing record: -OYGFFa85mq7bXpio_Tu
2025-09-19 12:59:25,676 - INFO - Processing record: -OYHJrPurDSKW5Gh81QW
2025-09-19 12:59:26,052 - INFO - Processing record: -OYHLk_3pCGGLflMYyIt
2025-09-19 12:59:27,949 - INFO - Processing record: -OYHP-MUxkKJhUJNz6dV
2025-09-19 12:59:28,472 - INFO - Processing record: -OYJ5gdmjc3IXTiCnclz
2025-09-19 12:59:32,696 - INFO - Processing record: -OYJB_T2vbPw5bmLjhHV
2025-09-19 12:59:34,088 - INFO - Processing record: -OYJFm5zlPx1X9fwo5P5
2025-09-19 12:59:34,596 - INFO - Processing record: -OYJRV_eQSSv0C72WaTf
2025-09-19 12:59:37,031 - INFO - Processing record: -OYJS4776OGuzPQi989-
2025-09-19 12:59:37,579 - INFO - Processing record: -OYJSCG9Io01GD2O0VX4
2025-09-19 12:59:37,981 - INFO - Processing record: -OYJTN_D7gkqag9qs8Jp
2025-09-19 12:59:39,794 - INFO - Processing record: -OYJTdVGO0gzVMdzH6dY
2025-09-19 12:59:40,971 - INFO - Processing record: -OYJTv9XGTvBS8VD8RcX
2025-09-19 12:59:41,715 - INFO - Processing record: -OYJkPJJyCeYacTBCqce
2025-09-19 12:59:42,563 - INFO - Processing record: -OYJy7295W4vMWAi4MYF
2025-09-19 12:59:43,218 - INFO - Processing record: -OYKDw5gQXLlC9tgiNVE
2025-09-19 12:59:43,638 - INFO - Processing record: -OYKFbuZ0_GxKwMxcExS
2025-09-19 12:59:44,437 - INFO - Processing record: -OYL54lBqguc6rZ_3eRx
2025-09-19 12:59:44,882 - INFO - Processing record: -OYLXUphpavZcn3UMbZE
2025-09-19 12:59:45,383 - INFO - Processing record: -OYLXcK1q0etab3Gd42U
2025-09-19 12:59:45,952 - INFO - Processing record: -OYLY6tVbZSDpRxQCNu6
2025-09-19 12:59:46,692 - INFO - Processing record: -OYLbij0RzPEhVnurC7V
2025-09-19 12:59:48,084 - INFO - Processing record: -OYLkLcWZwJ_TEPp8WGO
2025-09-19 12:59:50,242 - INFO - Processing record: -OYMW1WQVk_EIHcfSZj9
2025-09-19 12:59:51,107 - INFO - Processing record: -OYO8nuo9BbxdE60wVDX
2025-09-19 12:59:55,413 - INFO - Processing record: -OYOGmtJEqhHgJQmGdhr
2025-09-19 12:59:59,744 - INFO - Processing record: -OYOL6JfLrjwD3ScHtW8
2025-09-19 13:00:01,362 - INFO - Processing record: -OYONSPaq8UKma2K6klP
2025-09-19 13:00:02,244 - INFO - Processing record: -OYOPydEnJ2cc_gNP8j5
2025-09-19 13:00:02,915 - INFO - Processing record: -OYOVUkPDRyWVQHCjREW
2025-09-19 13:00:03,747 - INFO - Processing record: -OYOVu9h58GVJveFFhUF
2025-09-19 13:00:04,345 - INFO - Processing record: -OYOaCEc6VR53zP9gHQg
2025-09-19 13:00:04,897 - INFO - Processing record: -OYOaakWGFOeIHzU22yL
2025-09-19 13:00:05,505 - INFO - Processing record: -OYObLc6gve2ulm9Bdds
2025-09-19 13:00:08,449 - INFO - Processing record: -OYOn1d9X0w8vg9RxV77
2025-09-19 13:00:10,140 - INFO - Processing record: -OYOuctXf7mMy8WyeTje
2025-09-19 13:00:10,463 - INFO - Processing record: -OYOzt1hg7QXwxrWSI5_
2025-09-19 13:00:11,027 - INFO - Processing record: -OYP5cHkUCB7J5QlJ0Wk
2025-09-19 13:00:11,688 - INFO - Processing record: -OYP65gK5GE7thQTHzk_
2025-09-19 13:00:12,355 - INFO - Processing record: -OYPEb30FStxmpSyP1Pe
2025-09-19 13:00:12,867 - INFO - Processing record: -OYPLRM4qHyRbYfF91p5
2025-09-19 13:00:14,357 - INFO - Processing record: -OYPZnxAaOuhKt4E8_fj
2025-09-19 13:00:15,111 - INFO - Processing record: -OYPbikWfQSuuECb0e9O
2025-09-19 13:00:16,778 - INFO - Processing record: -OYReU0nywyUrkQ3r8TE
2025-09-19 13:00:17,275 - INFO - Processing record: -OYRjAKwGtGqH6QUlRFR
2025-09-19 13:00:17,796 - INFO - Processing record: -OYRk-P0agEjU2kOU7jT
2025-09-19 13:00:18,419 - INFO - Processing record: -OYTPKYGQk11GCzjXyJ_
2025-09-19 13:00:19,299 - INFO - Processing record: -OYTS2YZ17cgLMicWfgA
2025-09-19 13:00:19,890 - INFO - Processing record: -OYTgj92iypRAZgDXJCJ
2025-09-19 13:00:22,228 - INFO - Processing record: -OYTjy2EZzyxJUXiBFcw
2025-09-19 13:00:22,654 - INFO - Processing record: -OYTzPHnyjGX4l-y8Q2Y
2025-09-19 13:00:23,831 - INFO - Processing record: -OYU4_RvACqrba709jFt
2025-09-19 13:00:24,647 - INFO - Processing record: -OYUm62X4Uera8acSrfC
2025-09-19 13:00:26,201 - INFO - Processing record: -OYVq9IGO6PKMqsS2Dta
2025-09-19 13:00:26,896 - INFO - Processing record: -OYX-pB7dum-jWlFW0Zz
2025-09-19 13:00:27,364 - INFO - Processing record: -OYY_brXewb9jcMNOHRZ
2025-09-19 13:00:27,869 - INFO - Processing record: -OYYzSjrvbQzSlykKqV4
2025-09-19 13:00:28,121 - INFO - Processing record: -OYZLoDqS5LzK5ZFopZx
2025-09-19 13:00:28,567 - INFO - Processing record: -OYZVy0if-PDPgU-FoOU
2025-09-19 13:00:29,660 - INFO - Processing record: -OYZu_CVtDlm7cnEz898
2025-09-19 13:00:31,100 - INFO - Processing record: -OY_nhh0CtM0jiD3kayU
2025-09-19 13:00:31,771 - INFO - Processing record: -OYaOhHxV-CeXxQZe__z
2025-09-19 13:00:33,572 - INFO - Processing record: -OYctLASgxZ-zO3YCXoY
2025-09-19 13:00:35,731 - INFO - Processing record: -OYdOyArmooMBVQ1dKqI
2025-09-19 13:00:37,742 - INFO - Processing record: -OYdmHv7tmjbdefafteL
2025-09-19 13:00:38,159 - INFO - Processing record: -OYdt6fOFXD84c9D2_ym
2025-09-19 13:00:39,840 - INFO - Processing record: -OYfHDAVsE81l-rjaVQx
2025-09-19 13:00:40,478 - INFO - Processing record: -OYfK7hwlpIH063zgc7v
2025-09-19 13:00:41,316 - INFO - Processing record: -OYhoIBHd9_O9My1vwtW
2025-09-19 13:00:42,722 - INFO - Processing record: -OYi0hEGTiUh0_hNzOEl
2025-09-19 13:00:43,088 - INFO - Processing record: -OYiatMmPei_rYQzo4rO
2025-09-19 13:00:44,313 - INFO - Processing record: -OYibrYnTqwjbf9z8pmX
2025-09-19 13:00:45,148 - INFO - Processing record: -OYj1OdNol6npYNp0yoq
2025-09-19 13:00:45,850 - INFO - Processing record: -OYj2IMYMnPqT3Wgxxck
2025-09-19 13:00:46,274 - INFO - Processing record: -OYjA-Rl_WLNLxJwu8Zh
2025-09-19 13:00:47,032 - INFO - Processing record: -OYlC6dkxySAZCVvkUs_
2025-09-19 13:00:47,610 - INFO - Processing record: -OYnE4J9JYgToyC98lRe
2025-09-19 13:00:48,380 - INFO - Processing record: -OYnYOdWFlwIT_jegml6
2025-09-19 13:00:51,640 - INFO - Processing record: -OYnhbxHtyBbt0bKcDzz
2025-09-19 13:00:52,238 - INFO - Processing record: -OYnr5m5PHyTNqqMT4vF
2025-09-19 13:00:52,813 - INFO - Processing record: -OYo0pJvtQv_2BVF1CRo
2025-09-19 13:00:54,281 - INFO - Processing record: -OYs2-xItoPeuSQBuvSr
2025-09-19 13:00:54,995 - INFO - Processing record: -OYsOaLeDzvmiKuAwlQ5
2025-09-19 13:00:55,792 - INFO - Processing record: -OYsbgRyY8Dy6mvUv69-
2025-09-19 13:00:56,025 - INFO - Processing record: -OYtBXK1sOsbJC0l12oT
2025-09-19 13:00:56,431 - INFO - Processing record: -OYtMaTq2Wo1GwOQd1sT
2025-09-19 13:00:56,972 - INFO - Processing record: -OYu_XVe7mVh3ScprPtv
2025-09-19 13:00:57,768 - INFO - Processing record: -OYu_fTKYK27hCmHtlvH
2025-09-19 13:00:58,667 - INFO - Processing record: -OYxFmfe9OfgUAdLHm8J
2025-09-19 13:00:59,253 - INFO - Processing record: -OYxaqI5ca83swlIYhsm
2025-09-19 13:00:59,785 - INFO - Processing record: -OYxcrr46uoajQG4OHhL
2025-09-19 13:01:00,307 - INFO - Processing record: -OYxx1kdoq-szTqlbwNq
2025-09-19 13:01:01,017 - INFO - Processing record: -OYyMAYCDRTO69xy6N3c
2025-09-19 13:01:01,867 - INFO - Processing record: -OYyXVzx6tcSQ7Iu3mwE
2025-09-19 13:01:02,579 - INFO - Processing record: -OYyZ08Jnn7KjXyhAYuw
2025-09-19 13:01:04,245 - INFO - Processing record: -OZ-BqjAXyHrT5J1fBH0
2025-09-19 13:01:04,864 - INFO - Processing record: -OZ-dLGSxb8GRMI4d2NX
2025-09-19 13:01:04,865 - INFO - Processing record: -OZ1YTCzYceR1oD7EuGE
2025-09-19 13:01:05,551 - INFO - Processing record: -OZ1diQHv0zuesxW5GUE
2025-09-19 13:01:07,506 - INFO - Processing record: -OZ1r9n0CZDqzB0ud62L
2025-09-19 13:01:08,374 - INFO - Processing record: -OZ2lfDFqI8feQaH6pKS
2025-09-19 13:01:09,809 - INFO - Processing record: -OZ6b68DqgZtHCyXDWdC
2025-09-19 13:01:10,312 - INFO - Processing record: -OZ6dGzf0BZA6sfI038T
2025-09-19 13:01:11,259 - INFO - Processing record: -OZ6gG9UcPumARlQUBtL
2025-09-19 13:01:12,626 - INFO - Processing record: -OZ6q7fIFKbmgqdnQ_-r
2025-09-19 13:01:13,437 - INFO - Processing record: -OZ6uW7SzBp2JwVZ6gi8
2025-09-19 13:01:14,225 - INFO - Processing record: -OZ7tXwuJl_31x81JIyf
2025-09-19 13:01:14,551 - INFO - Processing record: -OZBuMt7EwfRYvW8RJw4
2025-09-19 13:01:14,556 - INFO - Processing record: -OZBubLO2QfjLXa0Kmd6
2025-09-19 13:01:15,821 - INFO - Processing record: -OZC1jBTozThm-_7j4_K
2025-09-19 13:01:16,340 - INFO - Processing record: -OZC7US8BT12X_0UgY9q
2025-09-19 13:01:18,025 - INFO - Processing record: -OZD-3BYm6oHd_b-FRIY
2025-09-19 13:01:19,595 - INFO - Processing record: -OZEoM_Ly8RROIhdWLCs
2025-09-19 13:01:20,322 - INFO - Processing record: -OZExl2cw0OiqDn4f3Ft
2025-09-19 13:01:22,668 - INFO - Processing record: -OZHRX7yZXpNAd1BO2DY
2025-09-19 13:01:23,452 - INFO - Processing record: -OZI92DusuOsR0swL5X_
2025-09-19 13:01:24,987 - INFO - Processing record: -OZM3dfd0xQppKcEk9LJ
2025-09-19 13:01:25,402 - INFO - Processing record: -OZM5SlGyOXIDB97LRGQ
2025-09-19 13:01:26,007 - INFO - Processing record: -OZM7SJ4xd2tKfGj6Rv2
2025-09-19 13:01:27,984 - INFO - Processing record: -OZMONm69iOM7S0c6Rrv
2025-09-19 13:01:28,487 - INFO - Processing record: -OZMQhBhu5Yoz-Y6o2Hb
2025-09-19 13:01:30,817 - INFO - Processing record: -OZMdvRyNwzxlNcvrq82
2025-09-19 13:01:30,821 - INFO - Processing record: -OZMeaIshv293dJ3pgvs
2025-09-19 13:01:32,985 - INFO - Processing record: -OZRGDCHuKkelb_lqVoP
2025-09-19 13:01:33,552 - INFO - Processing record: -OZROl8dcYApyc2zLRfY
2025-09-19 13:01:34,204 - INFO - Processing record: -OZRVd6uv-kjMacBvyFe
2025-09-19 13:01:35,635 - INFO - Processing record: -OZRVlBLLNl__vHpply1
2025-09-19 13:01:36,449 - INFO - Processing record: -OZRfKV5tjr8F7jnqrH0
2025-09-19 13:01:38,580 - INFO - Processing record: -OZS2zA77Qxej4OmuPVB
2025-09-19 13:01:39,024 - INFO - Processing record: -OZSVWuJDeHeUY3cE_w4
2025-09-19 13:01:40,227 - INFO - Processing record: -OZSVwIo-WYENwdm6L1F
2025-09-19 13:01:40,715 - INFO - Processing record: -OZU8Y75VBOOZfRSqdhs
2025-09-19 13:01:41,560 - INFO - Processing record: -OZWRu7NFS1fZv5pEFwb
2025-09-19 13:01:42,231 - INFO - Processing record: -OZWeqkdEs-0SsjSAVoU
2025-09-19 13:01:43,081 - INFO - Processing record: -OZWld6TQZUasEro3yf1
2025-09-19 13:01:43,613 - INFO - Processing record: -OZX9rdPkcno-oMVA9ah
2025-09-19 13:01:44,050 - INFO - Processing record: -OZXEzW8DxQCMdtGC39u
2025-09-19 13:01:44,810 - INFO - Processing record: -OZXFd5zR_27UdlNZwAJ
2025-09-19 13:01:45,465 - INFO - Processing record: -OZXMEnO9tt643PXIXbd
2025-09-19 13:01:46,088 - INFO - Processing record: -OZZybMRuZZT1j09h8ED
2025-09-19 13:01:46,752 - INFO - Processing record: -OZb3Orn87mG0KHWlpRU
2025-09-19 13:01:47,330 - INFO - Processing record: -OZb6_pPfBCRxLr5jQIb
2025-09-19 13:01:47,331 - INFO - Processing record: -OZbG5vkBgjnkp3eRYFj
2025-09-19 13:01:48,205 - INFO - Processing record: -OZbJALv-v1GtayM0gyc
2025-09-19 13:01:50,552 - INFO - Processing record: -OZbXB9wT1EkP6IheMrK
2025-09-19 13:01:51,305 - INFO - Processing record: -OZfhuhul33hLhq5LEji
2025-09-19 13:01:51,840 - INFO - Processing record: -OZfrJDUhOJbOYLRpvCJ
2025-09-19 13:01:52,690 - INFO - Processing record: -OZfrqxAFqv0mHfZCT1F
2025-09-19 13:01:54,442 - INFO - Processing record: -OZfrvuObTScBWtZCUzg
2025-09-19 13:01:54,945 - INFO - Processing record: -OZfrwelWPbtZNH_CgOL
2025-09-19 13:01:55,581 - INFO - Processing record: -OZfsa_vuzTynOl6mqvq
2025-09-19 13:01:56,217 - INFO - Processing record: -OZfsxQY4jDGj094SgRb
2025-09-19 13:01:56,760 - INFO - Processing record: -OZfuVNVlFi1XAn_p_hB
2025-09-19 13:01:57,722 - INFO - Processing record: -OZfwSh0VjVG92IxUhGi
2025-09-19 13:01:58,761 - INFO - Processing record: -OZfwhoSChpP3VmGKR__
2025-09-19 13:01:59,602 - INFO - Processing record: -OZfwx_4k99hz9Eo1KC1
2025-09-19 13:02:00,103 - INFO - Processing record: -OZfxc08tCxxNPmRZe5z
2025-09-19 13:02:00,103 - INFO - Processing record: -OZfyP1ZMagirLr5Q-Mu
2025-09-19 13:02:00,103 - INFO - Processing record: -OZfyaHdFy-lpMQbSCgF
2025-09-19 13:02:00,816 - INFO - Processing record: -OZfyb5_rTtIR05Wy_nB
2025-09-19 13:02:01,433 - INFO - Processing record: -OZgESdUAKHaHKKfYCSL
2025-09-19 13:02:02,019 - INFO - Processing record: -OZgEbUBNPdmIahlEM_z
2025-09-19 13:02:02,744 - INFO - Processing record: -OZgiDPSM4A91N6BavJi
2025-09-19 13:02:03,217 - INFO - Processing record: -OZgidD40LzrwH_RnkjA
2025-09-19 13:02:03,560 - INFO - Processing record: -OZglGXRcKOfpWjdiEP0
2025-09-19 13:02:04,090 - INFO - Processing record: -OZgm9kmtfHvIVpNYLZj
2025-09-19 13:02:04,510 - INFO - Processing record: -OZgxewJlRZ8MaR_BZ65
2025-09-19 13:02:05,025 - INFO - Processing record: -OZh7ZPpXjIA6M_jujyi
2025-09-19 13:02:05,660 - INFO - Processing record: -OZi0dcHuUlcTG2qFBmk
2025-09-19 13:02:06,193 - INFO - Processing record: -OZiPUds8thKFl7n-HjN
2025-09-19 13:02:06,665 - INFO - Processing record: -OZkuk4su8W44gdoPQif
2025-09-19 13:02:07,452 - INFO - Processing record: -OZl-wlLrhKd1BBBBouS
2025-09-19 13:02:08,991 - INFO - Processing record: -OZl4JGqzxFGGckrc5iX
2025-09-19 13:02:09,655 - INFO - Processing record: -OZl7e2JXNDwzJv6bFaf
2025-09-19 13:02:10,454 - INFO - Processing record: -OZlSWSzG-pL68Qc6E-A
2025-09-19 13:02:10,922 - INFO - Processing record: -OZlTqWuB6qg3iDs05jm
2025-09-19 13:02:11,575 - INFO - Processing record: -OZlw5hl-DGqOcrljQS3
2025-09-19 13:02:13,175 - INFO - Processing record: -OZlycRKQK24yu8w9zMP
2025-09-19 13:02:15,225 - INFO - Processing record: -OZps-e1kBCb7lOHUPR6
2025-09-19 13:02:15,831 - INFO - Processing record: -OZq8dEHADJqZh3_2xka
2025-09-19 13:02:16,525 - INFO - Processing record: -OZqqy4zeTRuoaOA7271
2025-09-19 13:02:17,260 - INFO - Processing record: -OZr896CS4IBOf0M0uSh
2025-09-19 13:02:17,928 - INFO - Processing record: -OZrD2JzuvFb4DtUsa3d
2025-09-19 13:02:18,444 - INFO - Processing record: -O_-kpaqzMo_-t2EVpVP
2025-09-19 13:02:19,075 - INFO - Processing record: -O_07zpgquEwe7y-a9Pa
2025-09-19 13:02:19,790 - INFO - Processing record: -O_0G0g0zq0BmlenmxYE
2025-09-19 13:02:20,210 - INFO - Processing record: -O_5-A_kqmJwku68U14z
2025-09-19 13:02:20,669 - INFO - Processing record: -O_FwFrHu1yXjeOlO1k0
2025-09-19 13:02:21,151 - INFO - Processing record: -O_Giedq1U96nex6GYC-
2025-09-19 13:02:21,745 - INFO - Processing record: -O_LEmHSa1-mk42mwxvV
2025-09-19 13:02:23,451 - INFO - [DRY RUN] Would save processed data to output file
2025-09-19 13:02:23,452 - INFO - 
=== PIPELINE STATISTICS ===
2025-09-19 13:02:23,453 - INFO - Total records: 292
2025-09-19 13:02:23,453 - INFO - Records processed: 292
2025-09-19 13:02:23,453 - INFO - Images downloaded: 0
2025-09-19 13:02:23,453 - INFO - Download failures: 0
2025-09-19 13:02:23,453 - INFO - Successful categorizations: 0
2025-09-19 13:02:23,453 - INFO - Fallback categorizations: 0
2025-09-19 13:02:23,453 - INFO - Processing success rate: 100.0%
2025-09-19 13:02:23,453 - INFO - === PIPELINE COMPLETED SUCCESSFULLY ===
2025-09-19 13:02:50,926 - INFO - === STARTING AUTONOMOUS IMAGE CATEGORIZATION PIPELINE ===
2025-09-19 13:02:50,926 - INFO - Input file: signintest-84632-default-rtdb-active-export.json
2025-09-19 13:02:50,926 - INFO - Output file: final_output.json
2025-09-19 13:02:50,926 - INFO - Screenshots directory: input_screenshots
2025-09-19 13:02:50,926 - INFO - Dry run: False
2025-09-19 13:02:50,930 - INFO - Loading input JSON file...
2025-09-19 13:02:50,932 - INFO - Loaded 292 records
2025-09-19 13:02:50,932 - INFO - Processing record: -OY04XVHntk9JZKXRYDE
2025-09-19 13:02:51,203 - INFO - Processing record: -OY0piHPmDUMudmM9f_s
2025-09-19 13:02:51,876 - INFO - Processing record: -OY1ASqCSZwIDgLGLsXO
2025-09-19 13:02:52,431 - INFO - Processing record: -OY1DPY-PRJ1rmkIFmr3
2025-09-19 13:02:52,981 - INFO - Processing record: -OY1FLjmZacrnPioXCee
2025-09-19 13:02:53,415 - INFO - Processing record: -OY1NHo9N9RoeP8i7md3
2025-09-19 13:02:53,881 - INFO - Processing record: -OY1yNqiZE1o6Re8Jq_i
2025-09-19 13:02:54,221 - INFO - Processing record: -OY1y_srIoMsopT9mpxh
2025-09-19 13:02:54,859 - INFO - Processing record: -OY202US2xZbM61lwH3t
2025-09-19 13:02:55,444 - INFO - Processing record: -OY23JBgs5UsPNMyw3CN
2025-09-19 13:02:55,970 - INFO - Processing record: -OY2Kr5pjIPqCnMKE4oj
2025-09-19 13:02:56,516 - INFO - Processing record: -OY3R0mxCVOa7vkiGELw
2025-09-19 13:02:57,235 - INFO - Processing record: -OY3Veb4x_0U1vbR7OW-
2025-09-19 13:02:57,769 - INFO - Processing record: -OY3dFobW3eaqJdYG_4N
2025-09-19 13:02:58,581 - INFO - Processing record: -OY3dLJbeJWb2j_79tQI
2025-09-19 13:02:59,081 - INFO - Processing record: -OY3dNID5pCuS_a8-iZD
2025-09-19 13:02:59,680 - INFO - Processing record: -OY3erC0hwDwIWnO_UXp
2025-09-19 13:03:00,249 - INFO - Processing record: -OY3iEOhQ6rxiFFZJImj
2025-09-19 13:03:00,752 - INFO - Processing record: -OY3jfgS5qh9-XhT3scP
2025-09-19 13:03:01,309 - INFO - Processing record: -OY3n-qgp-Qa69OR5ECO
2025-09-19 13:03:03,163 - INFO - Processing record: -OY3owxoYfye9t-j7HBs
2025-09-19 13:03:04,259 - INFO - Processing record: -OY3sGQLQ_5VyHT7K1Zv
2025-09-19 13:03:07,195 - INFO - Processing record: -OY3t2YgQPp7t-dJ94tt
2025-09-19 13:03:07,680 - INFO - Processing record: -OY3vV8Q0QWGqxJqWwH6
2025-09-19 13:03:07,681 - INFO - Processing record: -OY3w9kBHXWEelXWTqLS
2025-09-19 13:03:10,125 - INFO - Processing record: -OY4-X6DuBo9WQd1qQjd
2025-09-19 13:03:10,960 - INFO - Processing record: -OY40Tlm5GR2ifvmOW4K
2025-09-19 13:03:11,734 - INFO - Processing record: -OY414w6R6LJdtj0f_9J
2025-09-19 13:03:12,559 - INFO - Processing record: -OY441XmJFt-H2H_txOO
2025-09-19 13:03:13,021 - INFO - Processing record: -OY456U2R0t5Ds_n5lWC
2025-09-19 13:03:13,021 - INFO - Processing record: -OY4F7xfwcvv0ZGaZBjh
2025-09-19 13:03:15,140 - INFO - Processing record: -OY4IVoERYBV_TsGqhZ7
2025-09-19 13:03:15,680 - INFO - Processing record: -OY4Ptdc2knd86MI6w_q
2025-09-19 13:03:16,183 - INFO - Processing record: -OY4i66A5j7-HDjdiTw9
2025-09-19 13:03:16,656 - INFO - Processing record: -OY4jo0R1OuBAZs295wj
2025-09-19 13:03:17,603 - INFO - Processing record: -OY4osdknBLzSVJM6Pp5
2025-09-19 13:03:18,425 - INFO - Processing record: -OY68P8cy_hR1G85Bck7
2025-09-19 13:03:19,368 - INFO - Processing record: -OY6aAU6sGGTNyfxpaVq
2025-09-19 13:03:19,933 - INFO - Processing record: -OY6j1LKFDAnANaTqWe7
2025-09-19 13:03:20,519 - INFO - Processing record: -OY6jrGPYpVwFRtzqoxf
2025-09-19 13:03:21,593 - INFO - Processing record: -OY7D4odswzXEDA1zTSm
2025-09-19 13:03:22,067 - INFO - Processing record: -OY8pywZxlX-1TM9ZWVw
2025-09-19 13:03:23,813 - INFO - Processing record: -OY8xmJinkc_O4D-FuWa
2025-09-19 13:03:24,346 - INFO - Processing record: -OY8yNdYIiLdpiaJSPoj
2025-09-19 13:03:25,003 - INFO - Processing record: -OY8ybR0yFAdr5DPg7kZ
2025-09-19 13:03:25,501 - INFO - Processing record: -OY9-BTEp0UMgmSsewrk
2025-09-19 13:03:25,967 - INFO - Processing record: -OY90GF5HV2QzBi2AP1t
2025-09-19 13:03:27,715 - INFO - Processing record: -OY90GuCfAGpf0q7mAfJ
2025-09-19 13:03:28,602 - INFO - Processing record: -OY91uULcEVGj-NuV_zE
2025-09-19 13:03:28,602 - INFO - Processing record: -OY92-1KbTNtMTA5jyGO
2025-09-19 13:03:29,067 - INFO - Processing record: -OY921ez-T4rN-LzLeKm
2025-09-19 13:03:30,292 - INFO - Processing record: -OY92BmhT508tsrLJWwt
2025-09-19 13:03:30,994 - INFO - Processing record: -OY92C66bMY5cWVTd5a9
2025-09-19 13:03:33,167 - INFO - Processing record: -OY92Y0ZCoMaKEMBE1vQ
2025-09-19 13:03:34,050 - INFO - Processing record: -OY92mDhEwpWs93F6O2a
2025-09-19 13:03:34,621 - INFO - Processing record: -OY92pxNCQR0IPkqXxbc
2025-09-19 13:03:35,440 - INFO - Processing record: -OY92vUXsxTuJ9ydy3TL
2025-09-19 13:03:36,178 - INFO - Processing record: -OY93BlTJAuo0frKy_my
2025-09-19 13:03:36,395 - INFO - Processing record: -OY93Clt1Akuf0maT9M_
2025-09-19 13:03:37,323 - INFO - Processing record: -OY93KVwoZAvegl3pT-Y
2025-09-19 13:03:38,265 - INFO - Processing record: -OY93TmLYsHzTgIbthXl
2025-09-19 13:03:40,115 - INFO - Processing record: -OY93VKe5Yo0ymFqOXrO
2025-09-19 13:03:40,817 - INFO - Processing record: -OY93cp-I68cNAAywfPI
2025-09-19 13:03:42,271 - INFO - Processing record: -OY93gqLg6vt1D3_ADh7
2025-09-19 13:03:43,310 - INFO - Processing record: -OY94IYUSXXyhbdAvnSY
2025-09-19 13:03:43,973 - INFO - Processing record: -OY94fiQ_jh5_7OaYGrv
2025-09-19 13:03:44,552 - INFO - Processing record: -OY94nN4JSpuZ3oooa1g
2025-09-19 13:03:45,613 - INFO - Processing record: -OY958mP6Plj7oNnLFq7
2025-09-19 13:03:46,444 - INFO - Processing record: -OY95IKN8BbmMS8R3bD3
2025-09-19 13:03:47,030 - INFO - Processing record: -OY95MXWh8XnJJxdcA_w
2025-09-19 13:03:47,673 - INFO - Processing record: -OY95SM4Twtvgyfw4By7
2025-09-19 13:03:49,061 - INFO - Processing record: -OY961Q10nGcGG2-eF_f
2025-09-19 13:03:50,976 - INFO - Processing record: -OY96VjPlGBJMwLwdv-j
2025-09-19 13:03:51,327 - INFO - Processing record: -OY96aun1_uPf4yyzK9h
2025-09-19 13:03:53,181 - INFO - Processing record: -OY96s7rYj22H6CS8CIV
2025-09-19 13:03:53,815 - INFO - Processing record: -OY97JMbVrjfzgn4Zo4B
2025-09-19 13:03:54,312 - INFO - Processing record: -OY97VoIRy_vK2ow7wRt
2025-09-19 13:03:55,046 - INFO - Processing record: -OY97cISBVFPc0kTMk9w
2025-09-19 13:03:55,617 - INFO - Processing record: -OY98Tul0b5wX2poNT80
2025-09-19 13:03:56,279 - INFO - Processing record: -OY99szXvjkl18w_mxot
2025-09-19 13:03:56,573 - INFO - Processing record: -OY9AKt5H1QACAUgAvlW
2025-09-19 13:03:57,259 - INFO - Processing record: -OY9FLRNX0hkTMr3nVA_
2025-09-19 13:03:57,837 - INFO - Processing record: -OY9N3zOSTm0ghvAN1Kf
2025-09-19 13:03:58,492 - INFO - Processing record: -OY9SL4vdEHjptUHTej0
2025-09-19 13:03:59,904 - INFO - Processing record: -OY9vLE-CXD2Zvm6yhAw
2025-09-19 13:04:00,252 - INFO - Processing record: -OYBDlPOJHnJRyYDXihu
2025-09-19 13:04:01,132 - INFO - Processing record: -OYBIWNTMJCid7UqbEJz
2025-09-19 13:04:01,509 - INFO - Processing record: -OYCEtTOvfKwuMKFKV3P
2025-09-19 13:04:02,040 - INFO - Processing record: -OYCQDix33ScKYBPb2BB
2025-09-19 13:04:02,710 - INFO - Processing record: -OYDv14xMJvPYoat8e49
2025-09-19 13:04:03,212 - INFO - Processing record: -OYDzyqA1S0owfb9Gi8A
2025-09-19 13:04:04,836 - INFO - Processing record: -OYE1TK2QJGEe-MT0RYS
2025-09-19 13:04:05,517 - INFO - Processing record: -OYE49lZAAeWQ1eS3YAj
2025-09-19 13:04:05,910 - INFO - Processing record: -OYE67fZ4Rf45rl0Yygc
2025-09-19 13:04:06,300 - INFO - Processing record: -OYELu7rP96xKsJyR4lM
2025-09-19 13:04:07,088 - INFO - Processing record: -OYEXn3on4nTTtL7hpf3
2025-09-19 13:04:07,725 - INFO - Processing record: -OYEc4j7GR4FkNTPI61o
2025-09-19 13:04:08,523 - INFO - Processing record: -OYEctpfko9IhJvm1JIM
2025-09-19 13:04:09,196 - INFO - Processing record: -OYEdxsNT4TdxbnLH2tQ
2025-09-19 13:04:11,382 - INFO - Processing record: -OYEm45mWQLErw3AOfg5
2025-09-19 13:04:11,744 - INFO - Processing record: -OYEn764MKN7GAiyW2ps
2025-09-19 13:04:12,595 - INFO - Processing record: -OYF4x-zXaxV1HzJ9mE9
2025-09-19 13:04:13,071 - INFO - Processing record: -OYGFFa85mq7bXpio_Tu
2025-09-19 13:04:13,650 - INFO - Processing record: -OYHJrPurDSKW5Gh81QW
2025-09-19 13:04:14,138 - INFO - Processing record: -OYHLk_3pCGGLflMYyIt
2025-09-19 13:04:16,199 - INFO - Processing record: -OYHP-MUxkKJhUJNz6dV
2025-09-19 13:04:16,725 - INFO - Processing record: -OYJ5gdmjc3IXTiCnclz
2025-09-19 13:04:21,104 - INFO - Processing record: -OYJB_T2vbPw5bmLjhHV
2025-09-19 13:04:23,321 - INFO - Processing record: -OYJFm5zlPx1X9fwo5P5
2025-09-19 13:04:23,740 - INFO - Processing record: -OYJRV_eQSSv0C72WaTf
2025-09-19 13:04:26,155 - INFO - Processing record: -OYJS4776OGuzPQi989-
2025-09-19 13:04:26,709 - INFO - Processing record: -OYJSCG9Io01GD2O0VX4
2025-09-19 13:04:27,094 - INFO - Processing record: -OYJTN_D7gkqag9qs8Jp
2025-09-19 13:04:27,665 - INFO - Processing record: -OYJTdVGO0gzVMdzH6dY
2025-09-19 13:04:28,682 - INFO - Processing record: -OYJTv9XGTvBS8VD8RcX
2025-09-19 13:04:29,272 - INFO - Processing record: -OYJkPJJyCeYacTBCqce
2025-09-19 13:04:30,040 - INFO - Processing record: -OYJy7295W4vMWAi4MYF
2025-09-19 13:04:30,623 - INFO - Processing record: -OYKDw5gQXLlC9tgiNVE
2025-09-19 13:04:31,054 - INFO - Processing record: -OYKFbuZ0_GxKwMxcExS
2025-09-19 13:04:31,702 - INFO - Processing record: -OYL54lBqguc6rZ_3eRx
2025-09-19 13:04:32,265 - INFO - Processing record: -OYLXUphpavZcn3UMbZE
2025-09-19 13:04:32,850 - INFO - Processing record: -OYLXcK1q0etab3Gd42U
2025-09-19 13:04:33,401 - INFO - Processing record: -OYLY6tVbZSDpRxQCNu6
2025-09-19 13:04:34,013 - INFO - Processing record: -OYLbij0RzPEhVnurC7V
2025-09-19 13:04:34,828 - INFO - Processing record: -OYLkLcWZwJ_TEPp8WGO
2025-09-19 13:04:36,491 - INFO - Processing record: -OYMW1WQVk_EIHcfSZj9
2025-09-19 13:04:37,574 - INFO - Processing record: -OYO8nuo9BbxdE60wVDX
2025-09-19 13:04:41,864 - INFO - Processing record: -OYOGmtJEqhHgJQmGdhr
2025-09-19 13:04:46,094 - INFO - Processing record: -OYOL6JfLrjwD3ScHtW8
2025-09-19 13:04:47,415 - INFO - Processing record: -OYONSPaq8UKma2K6klP
2025-09-19 13:04:48,311 - INFO - Processing record: -OYOPydEnJ2cc_gNP8j5
2025-09-19 13:04:49,065 - INFO - Processing record: -OYOVUkPDRyWVQHCjREW
2025-09-19 13:04:49,782 - INFO - Processing record: -OYOVu9h58GVJveFFhUF
2025-09-19 13:04:50,402 - INFO - Processing record: -OYOaCEc6VR53zP9gHQg
2025-09-19 13:04:51,003 - INFO - Processing record: -OYOaakWGFOeIHzU22yL
2025-09-19 13:04:51,611 - INFO - Processing record: -OYObLc6gve2ulm9Bdds
2025-09-19 13:04:54,148 - INFO - Processing record: -OYOn1d9X0w8vg9RxV77
2025-09-19 13:04:55,744 - INFO - Processing record: -OYOuctXf7mMy8WyeTje
2025-09-19 13:04:55,965 - INFO - Processing record: -OYOzt1hg7QXwxrWSI5_
2025-09-19 13:04:56,545 - INFO - Processing record: -OYP5cHkUCB7J5QlJ0Wk
2025-09-19 13:04:57,138 - INFO - Processing record: -OYP65gK5GE7thQTHzk_
2025-09-19 13:04:57,679 - INFO - Processing record: -OYPEb30FStxmpSyP1Pe
2025-09-19 13:04:58,134 - INFO - Processing record: -OYPLRM4qHyRbYfF91p5
2025-09-19 13:04:59,567 - INFO - Processing record: -OYPZnxAaOuhKt4E8_fj
2025-09-19 13:05:00,256 - INFO - Processing record: -OYPbikWfQSuuECb0e9O
2025-09-19 13:05:02,201 - INFO - Processing record: -OYReU0nywyUrkQ3r8TE
2025-09-19 13:05:02,660 - INFO - Processing record: -OYRjAKwGtGqH6QUlRFR
2025-09-19 13:05:03,182 - INFO - Processing record: -OYRk-P0agEjU2kOU7jT
2025-09-19 13:05:03,852 - INFO - Processing record: -OYTPKYGQk11GCzjXyJ_
2025-09-19 13:05:04,860 - INFO - Processing record: -OYTS2YZ17cgLMicWfgA
2025-09-19 13:05:05,447 - INFO - Processing record: -OYTgj92iypRAZgDXJCJ
2025-09-19 13:05:07,832 - INFO - Processing record: -OYTjy2EZzyxJUXiBFcw
2025-09-19 13:05:08,234 - INFO - Processing record: -OYTzPHnyjGX4l-y8Q2Y
2025-09-19 13:05:09,383 - INFO - Processing record: -OYU4_RvACqrba709jFt
2025-09-19 13:05:10,189 - INFO - Processing record: -OYUm62X4Uera8acSrfC
2025-09-19 13:05:11,764 - INFO - Processing record: -OYVq9IGO6PKMqsS2Dta
2025-09-19 13:05:12,441 - INFO - Processing record: -OYX-pB7dum-jWlFW0Zz
2025-09-19 13:05:12,926 - INFO - Processing record: -OYY_brXewb9jcMNOHRZ
2025-09-19 13:05:13,488 - INFO - Processing record: -OYYzSjrvbQzSlykKqV4
2025-09-19 13:05:14,993 - INFO - Processing record: -OYZLoDqS5LzK5ZFopZx
2025-09-19 13:05:15,476 - INFO - Processing record: -OYZVy0if-PDPgU-FoOU
2025-09-19 13:05:16,723 - INFO - Processing record: -OYZu_CVtDlm7cnEz898
2025-09-19 13:05:18,310 - INFO - Processing record: -OY_nhh0CtM0jiD3kayU
2025-09-19 13:05:18,915 - INFO - Processing record: -OYaOhHxV-CeXxQZe__z
2025-09-19 13:05:19,913 - INFO - Processing record: -OYctLASgxZ-zO3YCXoY
2025-09-19 13:05:21,546 - INFO - Processing record: -OYdOyArmooMBVQ1dKqI
2025-09-19 13:05:22,981 - INFO - Processing record: -OYdmHv7tmjbdefafteL
2025-09-19 13:05:23,331 - INFO - Processing record: -OYdt6fOFXD84c9D2_ym
2025-09-19 13:05:24,931 - INFO - Processing record: -OYfHDAVsE81l-rjaVQx
2025-09-19 13:05:25,582 - INFO - Processing record: -OYfK7hwlpIH063zgc7v
2025-09-19 13:05:26,481 - INFO - Processing record: -OYhoIBHd9_O9My1vwtW
2025-09-19 13:05:27,860 - INFO - Processing record: -OYi0hEGTiUh0_hNzOEl
2025-09-19 13:05:28,250 - INFO - Processing record: -OYiatMmPei_rYQzo4rO
2025-09-19 13:05:29,521 - INFO - Processing record: -OYibrYnTqwjbf9z8pmX
2025-09-19 13:05:30,340 - INFO - Processing record: -OYj1OdNol6npYNp0yoq
2025-09-19 13:05:31,050 - INFO - Processing record: -OYj2IMYMnPqT3Wgxxck
2025-09-19 13:05:31,483 - INFO - Processing record: -OYjA-Rl_WLNLxJwu8Zh
2025-09-19 13:05:32,147 - INFO - Processing record: -OYlC6dkxySAZCVvkUs_
2025-09-19 13:05:32,710 - INFO - Processing record: -OYnE4J9JYgToyC98lRe
2025-09-19 13:05:33,496 - INFO - Processing record: -OYnYOdWFlwIT_jegml6
2025-09-19 13:05:36,915 - INFO - Processing record: -OYnhbxHtyBbt0bKcDzz
2025-09-19 13:05:37,534 - INFO - Processing record: -OYnr5m5PHyTNqqMT4vF
2025-09-19 13:05:38,132 - INFO - Processing record: -OYo0pJvtQv_2BVF1CRo
2025-09-19 13:05:39,727 - INFO - Processing record: -OYs2-xItoPeuSQBuvSr
2025-09-19 13:05:42,852 - INFO - Processing record: -OYsOaLeDzvmiKuAwlQ5
2025-09-19 13:05:43,868 - INFO - Processing record: -OYsbgRyY8Dy6mvUv69-
2025-09-19 13:05:44,134 - INFO - Processing record: -OYtBXK1sOsbJC0l12oT
2025-09-19 13:05:44,597 - INFO - Processing record: -OYtMaTq2Wo1GwOQd1sT
2025-09-19 13:05:45,226 - INFO - Processing record: -OYu_XVe7mVh3ScprPtv
2025-09-19 13:05:46,075 - INFO - Processing record: -OYu_fTKYK27hCmHtlvH
2025-09-19 13:05:46,901 - INFO - Processing record: -OYxFmfe9OfgUAdLHm8J
2025-09-19 13:05:47,475 - INFO - Processing record: -OYxaqI5ca83swlIYhsm
2025-09-19 13:05:47,987 - INFO - Processing record: -OYxcrr46uoajQG4OHhL
2025-09-19 13:05:48,531 - INFO - Processing record: -OYxx1kdoq-szTqlbwNq
2025-09-19 13:05:49,253 - INFO - Processing record: -OYyMAYCDRTO69xy6N3c
2025-09-19 13:05:50,094 - INFO - Processing record: -OYyXVzx6tcSQ7Iu3mwE
2025-09-19 13:05:50,828 - INFO - Processing record: -OYyZ08Jnn7KjXyhAYuw
2025-09-19 13:05:52,719 - INFO - Processing record: -OZ-BqjAXyHrT5J1fBH0
2025-09-19 13:05:53,452 - INFO - Processing record: -OZ-dLGSxb8GRMI4d2NX
2025-09-19 13:05:53,452 - INFO - Processing record: -OZ1YTCzYceR1oD7EuGE
2025-09-19 13:05:54,943 - INFO - Processing record: -OZ1diQHv0zuesxW5GUE
2025-09-19 13:05:57,672 - INFO - Processing record: -OZ1r9n0CZDqzB0ud62L
2025-09-19 13:05:58,738 - INFO - Processing record: -OZ2lfDFqI8feQaH6pKS
2025-09-19 13:06:00,099 - INFO - Processing record: -OZ6b68DqgZtHCyXDWdC
2025-09-19 13:06:00,619 - INFO - Processing record: -OZ6dGzf0BZA6sfI038T
2025-09-19 13:06:01,552 - INFO - Processing record: -OZ6gG9UcPumARlQUBtL
2025-09-19 13:06:02,810 - INFO - Processing record: -OZ6q7fIFKbmgqdnQ_-r
2025-09-19 13:06:03,562 - INFO - Processing record: -OZ6uW7SzBp2JwVZ6gi8
2025-09-19 13:06:04,378 - INFO - Processing record: -OZ7tXwuJl_31x81JIyf
2025-09-19 13:06:04,682 - INFO - Processing record: -OZBuMt7EwfRYvW8RJw4
2025-09-19 13:06:04,684 - INFO - Processing record: -OZBubLO2QfjLXa0Kmd6
2025-09-19 13:06:05,834 - INFO - Processing record: -OZC1jBTozThm-_7j4_K
2025-09-19 13:06:06,304 - INFO - Processing record: -OZC7US8BT12X_0UgY9q
2025-09-19 13:06:07,874 - INFO - Processing record: -OZD-3BYm6oHd_b-FRIY
2025-09-19 13:06:09,460 - INFO - Processing record: -OZEoM_Ly8RROIhdWLCs
2025-09-19 13:06:10,192 - INFO - Processing record: -OZExl2cw0OiqDn4f3Ft
2025-09-19 13:06:12,449 - INFO - Processing record: -OZHRX7yZXpNAd1BO2DY
2025-09-19 13:06:13,196 - INFO - Processing record: -OZI92DusuOsR0swL5X_
2025-09-19 13:06:14,727 - INFO - Processing record: -OZM3dfd0xQppKcEk9LJ
2025-09-19 13:06:15,105 - INFO - Processing record: -OZM5SlGyOXIDB97LRGQ
2025-09-19 13:06:15,647 - INFO - Processing record: -OZM7SJ4xd2tKfGj6Rv2
2025-09-19 13:06:16,627 - INFO - Processing record: -OZMONm69iOM7S0c6Rrv
2025-09-19 13:06:17,115 - INFO - Processing record: -OZMQhBhu5Yoz-Y6o2Hb
2025-09-19 13:06:18,695 - INFO - Processing record: -OZMdvRyNwzxlNcvrq82
2025-09-19 13:06:18,697 - INFO - Processing record: -OZMeaIshv293dJ3pgvs
2025-09-19 13:06:20,332 - INFO - Processing record: -OZRGDCHuKkelb_lqVoP
2025-09-19 13:06:20,844 - INFO - Processing record: -OZROl8dcYApyc2zLRfY
2025-09-19 13:06:21,500 - INFO - Processing record: -OZRVd6uv-kjMacBvyFe
2025-09-19 13:06:22,959 - INFO - Processing record: -OZRVlBLLNl__vHpply1
2025-09-19 13:06:23,790 - INFO - Processing record: -OZRfKV5tjr8F7jnqrH0
2025-09-19 13:06:25,040 - INFO - Processing record: -OZS2zA77Qxej4OmuPVB
2025-09-19 13:06:25,504 - INFO - Processing record: -OZSVWuJDeHeUY3cE_w4
2025-09-19 13:06:26,626 - INFO - Processing record: -OZSVwIo-WYENwdm6L1F
2025-09-19 13:06:27,162 - INFO - Processing record: -OZU8Y75VBOOZfRSqdhs
2025-09-19 13:06:27,931 - INFO - Processing record: -OZWRu7NFS1fZv5pEFwb
2025-09-19 13:06:28,661 - INFO - Processing record: -OZWeqkdEs-0SsjSAVoU
2025-09-19 13:06:29,539 - INFO - Processing record: -OZWld6TQZUasEro3yf1
2025-09-19 13:06:30,013 - INFO - Processing record: -OZX9rdPkcno-oMVA9ah
2025-09-19 13:06:30,404 - INFO - Processing record: -OZXEzW8DxQCMdtGC39u
2025-09-19 13:06:31,012 - INFO - Processing record: -OZXFd5zR_27UdlNZwAJ
2025-09-19 13:06:31,602 - INFO - Processing record: -OZXMEnO9tt643PXIXbd
2025-09-19 13:06:32,172 - INFO - Processing record: -OZZybMRuZZT1j09h8ED
2025-09-19 13:06:32,846 - INFO - Processing record: -OZb3Orn87mG0KHWlpRU
2025-09-19 13:06:33,468 - INFO - Processing record: -OZb6_pPfBCRxLr5jQIb
2025-09-19 13:06:33,468 - INFO - Processing record: -OZbG5vkBgjnkp3eRYFj
2025-09-19 13:06:34,344 - INFO - Processing record: -OZbJALv-v1GtayM0gyc
2025-09-19 13:06:35,682 - INFO - Processing record: -OZbXB9wT1EkP6IheMrK
2025-09-19 13:06:36,374 - INFO - Processing record: -OZfhuhul33hLhq5LEji
2025-09-19 13:06:36,834 - INFO - Processing record: -OZfrJDUhOJbOYLRpvCJ
2025-09-19 13:06:37,584 - INFO - Processing record: -OZfrqxAFqv0mHfZCT1F
2025-09-19 13:06:38,140 - INFO - Processing record: -OZfrvuObTScBWtZCUzg
2025-09-19 13:06:38,538 - INFO - Processing record: -OZfrwelWPbtZNH_CgOL
2025-09-19 13:06:39,104 - INFO - Processing record: -OZfsa_vuzTynOl6mqvq
2025-09-19 13:06:39,688 - INFO - Processing record: -OZfsxQY4jDGj094SgRb
2025-09-19 13:06:40,206 - INFO - Processing record: -OZfuVNVlFi1XAn_p_hB
2025-09-19 13:06:41,017 - INFO - Processing record: -OZfwSh0VjVG92IxUhGi
2025-09-19 13:06:42,004 - INFO - Processing record: -OZfwhoSChpP3VmGKR__
2025-09-19 13:06:42,783 - INFO - Processing record: -OZfwx_4k99hz9Eo1KC1
2025-09-19 13:06:43,224 - INFO - Processing record: -OZfxc08tCxxNPmRZe5z
2025-09-19 13:06:43,224 - INFO - Processing record: -OZfyP1ZMagirLr5Q-Mu
2025-09-19 13:06:43,225 - INFO - Processing record: -OZfyaHdFy-lpMQbSCgF
2025-09-19 13:06:43,890 - INFO - Processing record: -OZfyb5_rTtIR05Wy_nB
2025-09-19 13:06:44,459 - INFO - Processing record: -OZgESdUAKHaHKKfYCSL
2025-09-19 13:06:45,036 - INFO - Processing record: -OZgEbUBNPdmIahlEM_z
2025-09-19 13:06:45,742 - INFO - Processing record: -OZgiDPSM4A91N6BavJi
2025-09-19 13:06:46,177 - INFO - Processing record: -OZgidD40LzrwH_RnkjA
2025-09-19 13:06:46,488 - INFO - Processing record: -OZglGXRcKOfpWjdiEP0
2025-09-19 13:06:47,004 - INFO - Processing record: -OZgm9kmtfHvIVpNYLZj
2025-09-19 13:06:47,440 - INFO - Processing record: -OZgxewJlRZ8MaR_BZ65
2025-09-19 13:06:47,958 - INFO - Processing record: -OZh7ZPpXjIA6M_jujyi
2025-09-19 13:06:48,518 - INFO - Processing record: -OZi0dcHuUlcTG2qFBmk
2025-09-19 13:06:49,006 - INFO - Processing record: -OZiPUds8thKFl7n-HjN
2025-09-19 13:06:49,454 - INFO - Processing record: -OZkuk4su8W44gdoPQif
2025-09-19 13:06:50,153 - INFO - Processing record: -OZl-wlLrhKd1BBBBouS
2025-09-19 13:06:51,863 - INFO - Processing record: -OZl4JGqzxFGGckrc5iX
2025-09-19 13:06:52,590 - INFO - Processing record: -OZl7e2JXNDwzJv6bFaf
2025-09-19 13:06:53,461 - INFO - Processing record: -OZlSWSzG-pL68Qc6E-A
2025-09-19 13:06:53,868 - INFO - Processing record: -OZlTqWuB6qg3iDs05jm
2025-09-19 13:06:54,515 - INFO - Processing record: -OZlw5hl-DGqOcrljQS3
2025-09-19 13:06:55,984 - INFO - Processing record: -OZlycRKQK24yu8w9zMP
2025-09-19 13:06:57,821 - INFO - Processing record: -OZps-e1kBCb7lOHUPR6
2025-09-19 13:06:58,415 - INFO - Processing record: -OZq8dEHADJqZh3_2xka
2025-09-19 13:06:59,120 - INFO - Processing record: -OZqqy4zeTRuoaOA7271
2025-09-19 13:06:59,901 - INFO - Processing record: -OZr896CS4IBOf0M0uSh
2025-09-19 13:07:00,572 - INFO - Processing record: -OZrD2JzuvFb4DtUsa3d
2025-09-19 13:07:01,093 - INFO - Processing record: -O_-kpaqzMo_-t2EVpVP
2025-09-19 13:07:01,654 - INFO - Processing record: -O_07zpgquEwe7y-a9Pa
2025-09-19 13:07:02,348 - INFO - Processing record: -O_0G0g0zq0BmlenmxYE
2025-09-19 13:07:02,750 - INFO - Processing record: -O_5-A_kqmJwku68U14z
2025-09-19 13:07:03,142 - INFO - Processing record: -O_FwFrHu1yXjeOlO1k0
2025-09-19 13:07:03,564 - INFO - Processing record: -O_Giedq1U96nex6GYC-
2025-09-19 13:07:04,080 - INFO - Processing record: -O_LEmHSa1-mk42mwxvV
2025-09-19 13:07:05,683 - INFO - Saving output to: final_output.json
2025-09-19 13:07:05,692 - INFO - 
=== PIPELINE STATISTICS ===
2025-09-19 13:07:05,692 - INFO - Total records: 292
2025-09-19 13:07:05,694 - INFO - Records processed: 292
2025-09-19 13:07:05,694 - INFO - Images downloaded: 0
2025-09-19 13:07:05,695 - INFO - Download failures: 0
2025-09-19 13:07:05,695 - INFO - Successful categorizations: 0
2025-09-19 13:07:05,696 - INFO - Fallback categorizations: 0
2025-09-19 13:07:05,696 - INFO - Processing success rate: 100.0%
2025-09-19 13:07:05,696 - INFO - === PIPELINE COMPLETED SUCCESSFULLY ===
2025-09-19 14:24:07,006 - INFO - === STARTING AUTONOMOUS IMAGE CATEGORIZATION PIPELINE ===
2025-09-19 14:24:07,006 - INFO - Input file: signintest-84632-default-rtdb-active-export.json
2025-09-19 14:24:07,009 - INFO - Output file: final_output.json
2025-09-19 14:24:07,009 - INFO - Screenshots directory: input_screenshots
2025-09-19 14:24:07,009 - INFO - Dry run: False
2025-09-19 14:24:07,009 - INFO - Loading input JSON file...
2025-09-19 14:24:07,011 - INFO - Loaded 292 records
2025-09-19 14:24:07,011 - INFO - Processing record: -OY04XVHntk9JZKXRYDE
2025-09-19 14:24:07,403 - INFO - Processing record: -OY0piHPmDUMudmM9f_s
2025-09-19 14:24:08,254 - INFO - Processing record: -OY1ASqCSZwIDgLGLsXO
2025-09-19 14:24:08,987 - INFO - Processing record: -OY1DPY-PRJ1rmkIFmr3
2025-09-19 14:24:09,605 - INFO - Processing record: -OY1FLjmZacrnPioXCee
2025-09-19 14:24:10,092 - INFO - Processing record: -OY1NHo9N9RoeP8i7md3
2025-09-19 14:24:10,746 - INFO - Processing record: -OY1yNqiZE1o6Re8Jq_i
2025-09-19 14:24:11,194 - INFO - Processing record: -OY1y_srIoMsopT9mpxh
2025-09-19 14:24:11,976 - INFO - Processing record: -OY202US2xZbM61lwH3t
2025-09-19 14:24:12,736 - INFO - Processing record: -OY23JBgs5UsPNMyw3CN
2025-09-19 14:24:13,431 - INFO - Processing record: -OY2Kr5pjIPqCnMKE4oj
2025-09-19 14:24:14,210 - INFO - Processing record: -OY3R0mxCVOa7vkiGELw
2025-09-19 14:24:14,915 - INFO - Processing record: -OY3Veb4x_0U1vbR7OW-
2025-09-19 14:24:15,387 - INFO - Processing record: -OY3dFobW3eaqJdYG_4N
2025-09-19 14:24:16,241 - INFO - Processing record: -OY3dLJbeJWb2j_79tQI
2025-09-19 14:24:16,834 - INFO - Processing record: -OY3dNID5pCuS_a8-iZD
2025-09-19 14:24:17,421 - INFO - Processing record: -OY3erC0hwDwIWnO_UXp
2025-09-19 14:24:18,524 - INFO - Processing record: -OY3iEOhQ6rxiFFZJImj
2025-09-19 14:24:19,160 - INFO - Processing record: -OY3jfgS5qh9-XhT3scP
2025-09-19 14:24:19,810 - INFO - Processing record: -OY3n-qgp-Qa69OR5ECO
2025-09-19 14:24:21,902 - INFO - Processing record: -OY3owxoYfye9t-j7HBs
2025-09-19 14:24:23,064 - INFO - Processing record: -OY3sGQLQ_5VyHT7K1Zv
2025-09-19 14:24:26,267 - INFO - Processing record: -OY3t2YgQPp7t-dJ94tt
2025-09-19 14:24:26,762 - INFO - Processing record: -OY3vV8Q0QWGqxJqWwH6
2025-09-19 14:24:26,764 - INFO - Processing record: -OY3w9kBHXWEelXWTqLS
2025-09-19 14:24:28,210 - INFO - Processing record: -OY4-X6DuBo9WQd1qQjd
2025-09-19 14:24:29,144 - INFO - Processing record: -OY40Tlm5GR2ifvmOW4K
2025-09-19 14:24:29,871 - INFO - Processing record: -OY414w6R6LJdtj0f_9J
2025-09-19 14:24:30,619 - INFO - Processing record: -OY441XmJFt-H2H_txOO
2025-09-19 14:24:31,090 - INFO - Processing record: -OY456U2R0t5Ds_n5lWC
2025-09-19 14:24:31,091 - INFO - Processing record: -OY4F7xfwcvv0ZGaZBjh
2025-09-19 14:24:33,360 - INFO - Processing record: -OY4IVoERYBV_TsGqhZ7
2025-09-19 14:24:33,990 - INFO - Processing record: -OY4Ptdc2knd86MI6w_q
2025-09-19 14:24:34,603 - INFO - Processing record: -OY4i66A5j7-HDjdiTw9
2025-09-19 14:24:35,215 - INFO - Processing record: -OY4jo0R1OuBAZs295wj
2025-09-19 14:24:36,712 - INFO - Processing record: -OY4osdknBLzSVJM6Pp5
2025-09-19 14:24:37,740 - INFO - Processing record: -OY68P8cy_hR1G85Bck7
2025-09-19 14:24:38,850 - INFO - Processing record: -OY6aAU6sGGTNyfxpaVq
2025-09-19 14:24:39,453 - INFO - Processing record: -OY6j1LKFDAnANaTqWe7
2025-09-19 14:24:40,068 - INFO - Processing record: -OY6jrGPYpVwFRtzqoxf
2025-09-19 14:24:42,352 - INFO - Processing record: -OY7D4odswzXEDA1zTSm
2025-09-19 14:24:43,063 - INFO - Processing record: -OY8pywZxlX-1TM9ZWVw
2025-09-19 14:24:45,112 - INFO - Processing record: -OY8xmJinkc_O4D-FuWa
2025-09-19 14:24:45,721 - INFO - Processing record: -OY8yNdYIiLdpiaJSPoj
2025-09-19 14:24:46,302 - INFO - Processing record: -OY8ybR0yFAdr5DPg7kZ
2025-09-19 14:24:46,810 - INFO - Processing record: -OY9-BTEp0UMgmSsewrk
2025-09-19 14:24:47,272 - INFO - Processing record: -OY90GF5HV2QzBi2AP1t
2025-09-19 14:24:48,380 - INFO - Processing record: -OY90GuCfAGpf0q7mAfJ
2025-09-19 14:24:49,346 - INFO - Processing record: -OY91uULcEVGj-NuV_zE
2025-09-19 14:24:49,346 - INFO - Processing record: -OY92-1KbTNtMTA5jyGO
2025-09-19 14:24:49,884 - INFO - Processing record: -OY921ez-T4rN-LzLeKm
2025-09-19 14:24:50,409 - INFO - Processing record: -OY92BmhT508tsrLJWwt
2025-09-19 14:24:52,275 - INFO - Processing record: -OY92C66bMY5cWVTd5a9
2025-09-19 14:24:54,835 - INFO - Processing record: -OY92Y0ZCoMaKEMBE1vQ
2025-09-19 14:24:55,768 - INFO - Processing record: -OY92mDhEwpWs93F6O2a
2025-09-19 14:24:56,410 - INFO - Processing record: -OY92pxNCQR0IPkqXxbc
2025-09-19 14:24:58,622 - INFO - Processing record: -OY92vUXsxTuJ9ydy3TL
2025-09-19 14:24:59,260 - INFO - Processing record: -OY93BlTJAuo0frKy_my
2025-09-19 14:24:59,515 - INFO - Processing record: -OY93Clt1Akuf0maT9M_
2025-09-19 14:25:00,581 - INFO - Processing record: -OY93KVwoZAvegl3pT-Y
2025-09-19 14:25:01,618 - INFO - Processing record: -OY93TmLYsHzTgIbthXl
2025-09-19 14:25:02,476 - INFO - Processing record: -OY93VKe5Yo0ymFqOXrO
2025-09-19 14:25:03,344 - INFO - Processing record: -OY93cp-I68cNAAywfPI
2025-09-19 14:25:04,672 - INFO - Processing record: -OY93gqLg6vt1D3_ADh7
2025-09-19 14:25:06,823 - INFO - Processing record: -OY94IYUSXXyhbdAvnSY
2025-09-19 14:25:07,502 - INFO - Processing record: -OY94fiQ_jh5_7OaYGrv
2025-09-19 14:25:08,080 - INFO - Processing record: -OY94nN4JSpuZ3oooa1g
2025-09-19 14:25:09,240 - INFO - Processing record: -OY958mP6Plj7oNnLFq7
2025-09-19 14:25:11,319 - INFO - Processing record: -OY95IKN8BbmMS8R3bD3
2025-09-19 14:25:11,909 - INFO - Processing record: -OY95MXWh8XnJJxdcA_w
2025-09-19 14:25:12,597 - INFO - Processing record: -OY95SM4Twtvgyfw4By7
2025-09-19 14:25:15,223 - INFO - Processing record: -OY961Q10nGcGG2-eF_f
2025-09-19 14:25:17,773 - INFO - Processing record: -OY96VjPlGBJMwLwdv-j
2025-09-19 14:25:18,282 - INFO - Processing record: -OY96aun1_uPf4yyzK9h
2025-09-19 14:25:19,754 - INFO - Processing record: -OY96s7rYj22H6CS8CIV
2025-09-19 14:25:20,569 - INFO - Processing record: -OY97JMbVrjfzgn4Zo4B
2025-09-19 14:25:21,255 - INFO - Processing record: -OY97VoIRy_vK2ow7wRt
2025-09-19 14:25:22,228 - INFO - Processing record: -OY97cISBVFPc0kTMk9w
2025-09-19 14:25:22,856 - INFO - Processing record: -OY98Tul0b5wX2poNT80
2025-09-19 14:25:23,801 - INFO - Processing record: -OY99szXvjkl18w_mxot
2025-09-19 14:25:24,175 - INFO - Processing record: -OY9AKt5H1QACAUgAvlW
2025-09-19 14:25:24,947 - INFO - Processing record: -OY9FLRNX0hkTMr3nVA_
2025-09-19 14:25:25,626 - INFO - Processing record: -OY9N3zOSTm0ghvAN1Kf
2025-09-19 14:25:26,263 - INFO - Processing record: -OY9SL4vdEHjptUHTej0
2025-09-19 14:25:28,840 - INFO - Processing record: -OY9vLE-CXD2Zvm6yhAw
2025-09-19 14:25:29,260 - INFO - Processing record: -OYBDlPOJHnJRyYDXihu
2025-09-19 14:25:29,988 - INFO - Processing record: -OYBIWNTMJCid7UqbEJz
2025-09-19 14:25:30,527 - INFO - Processing record: -OYCEtTOvfKwuMKFKV3P
2025-09-19 14:25:31,190 - INFO - Processing record: -OYCQDix33ScKYBPb2BB
2025-09-19 14:25:32,121 - INFO - Processing record: -OYDv14xMJvPYoat8e49
2025-09-19 14:25:32,649 - INFO - Processing record: -OYDzyqA1S0owfb9Gi8A
2025-09-19 14:25:34,187 - INFO - Processing record: -OYE1TK2QJGEe-MT0RYS
2025-09-19 14:25:35,060 - INFO - Processing record: -OYE49lZAAeWQ1eS3YAj
2025-09-19 14:25:35,524 - INFO - Processing record: -OYE67fZ4Rf45rl0Yygc
2025-09-19 14:25:35,967 - INFO - Processing record: -OYELu7rP96xKsJyR4lM
2025-09-19 14:25:36,782 - INFO - Processing record: -OYEXn3on4nTTtL7hpf3
2025-09-19 14:25:37,432 - INFO - Processing record: -OYEc4j7GR4FkNTPI61o
2025-09-19 14:25:38,248 - INFO - Processing record: -OYEctpfko9IhJvm1JIM
2025-09-19 14:25:38,899 - INFO - Processing record: -OYEdxsNT4TdxbnLH2tQ
2025-09-19 14:25:41,190 - INFO - Processing record: -OYEm45mWQLErw3AOfg5
2025-09-19 14:25:41,618 - INFO - Processing record: -OYEn764MKN7GAiyW2ps
2025-09-19 14:25:42,602 - INFO - Processing record: -OYF4x-zXaxV1HzJ9mE9
2025-09-19 14:25:43,181 - INFO - Processing record: -OYGFFa85mq7bXpio_Tu
2025-09-19 14:25:43,867 - INFO - Processing record: -OYHJrPurDSKW5Gh81QW
2025-09-19 14:25:44,331 - INFO - Processing record: -OYHLk_3pCGGLflMYyIt
2025-09-19 14:25:46,476 - INFO - Processing record: -OYHP-MUxkKJhUJNz6dV
2025-09-19 14:25:47,028 - INFO - Processing record: -OYJ5gdmjc3IXTiCnclz
2025-09-19 14:25:50,952 - INFO - Processing record: -OYJB_T2vbPw5bmLjhHV
2025-09-19 14:25:52,232 - INFO - Processing record: -OYJFm5zlPx1X9fwo5P5
2025-09-19 14:25:52,795 - INFO - Processing record: -OYJRV_eQSSv0C72WaTf
2025-09-19 14:25:55,451 - INFO - Processing record: -OYJS4776OGuzPQi989-
2025-09-19 14:25:56,134 - INFO - Processing record: -OYJSCG9Io01GD2O0VX4
2025-09-19 14:25:56,559 - INFO - Processing record: -OYJTN_D7gkqag9qs8Jp
2025-09-19 14:25:58,332 - INFO - Processing record: -OYJTdVGO0gzVMdzH6dY
2025-09-19 14:25:59,445 - INFO - Processing record: -OYJTv9XGTvBS8VD8RcX
2025-09-19 14:26:00,096 - INFO - Processing record: -OYJkPJJyCeYacTBCqce
2025-09-19 14:26:00,977 - INFO - Processing record: -OYJy7295W4vMWAi4MYF
2025-09-19 14:26:01,587 - INFO - Processing record: -OYKDw5gQXLlC9tgiNVE
2025-09-19 14:26:02,157 - INFO - Processing record: -OYKFbuZ0_GxKwMxcExS
2025-09-19 14:26:02,801 - INFO - Processing record: -OYL54lBqguc6rZ_3eRx
2025-09-19 14:26:03,307 - INFO - Processing record: -OYLXUphpavZcn3UMbZE
2025-09-19 14:26:03,924 - INFO - Processing record: -OYLXcK1q0etab3Gd42U
2025-09-19 14:26:04,524 - INFO - Processing record: -OYLY6tVbZSDpRxQCNu6
2025-09-19 14:26:05,249 - INFO - Processing record: -OYLbij0RzPEhVnurC7V
2025-09-19 14:26:07,437 - INFO - Processing record: -OYLkLcWZwJ_TEPp8WGO
2025-09-19 14:26:08,407 - INFO - Processing record: -OYMW1WQVk_EIHcfSZj9
2025-09-19 14:26:09,351 - INFO - Processing record: -OYO8nuo9BbxdE60wVDX
2025-09-19 14:26:14,299 - INFO - Processing record: -OYOGmtJEqhHgJQmGdhr
2025-09-19 14:26:18,984 - INFO - Processing record: -OYOL6JfLrjwD3ScHtW8
2025-09-19 14:26:19,971 - INFO - Processing record: -OYONSPaq8UKma2K6klP
2025-09-19 14:26:20,910 - INFO - Processing record: -OYOPydEnJ2cc_gNP8j5
2025-09-19 14:26:21,602 - INFO - Processing record: -OYOVUkPDRyWVQHCjREW
2025-09-19 14:26:22,431 - INFO - Processing record: -OYOVu9h58GVJveFFhUF
2025-09-19 14:26:23,025 - INFO - Processing record: -OYOaCEc6VR53zP9gHQg
2025-09-19 14:26:23,594 - INFO - Processing record: -OYOaakWGFOeIHzU22yL
2025-09-19 14:26:24,217 - INFO - Processing record: -OYObLc6gve2ulm9Bdds
2025-09-19 14:26:26,795 - INFO - Processing record: -OYOn1d9X0w8vg9RxV77
2025-09-19 14:26:27,928 - INFO - Processing record: -OYOuctXf7mMy8WyeTje
2025-09-19 14:26:28,185 - INFO - Processing record: -OYOzt1hg7QXwxrWSI5_
2025-09-19 14:26:28,766 - INFO - Processing record: -OYP5cHkUCB7J5QlJ0Wk
2025-09-19 14:26:29,379 - INFO - Processing record: -OYP65gK5GE7thQTHzk_
2025-09-19 14:26:30,017 - INFO - Processing record: -OYPEb30FStxmpSyP1Pe
2025-09-19 14:26:30,504 - INFO - Processing record: -OYPLRM4qHyRbYfF91p5
2025-09-19 14:26:31,986 - INFO - Processing record: -OYPZnxAaOuhKt4E8_fj
2025-09-19 14:26:32,891 - INFO - Processing record: -OYPbikWfQSuuECb0e9O
2025-09-19 14:26:34,732 - INFO - Processing record: -OYReU0nywyUrkQ3r8TE
2025-09-19 14:26:35,263 - INFO - Processing record: -OYRjAKwGtGqH6QUlRFR
2025-09-19 14:26:35,823 - INFO - Processing record: -OYRk-P0agEjU2kOU7jT
2025-09-19 14:26:36,544 - INFO - Processing record: -OYTPKYGQk11GCzjXyJ_
2025-09-19 14:26:37,541 - INFO - Processing record: -OYTS2YZ17cgLMicWfgA
2025-09-19 14:26:38,249 - INFO - Processing record: -OYTgj92iypRAZgDXJCJ
2025-09-19 14:26:39,248 - INFO - Processing record: -OYTjy2EZzyxJUXiBFcw
2025-09-19 14:26:39,665 - INFO - Processing record: -OYTzPHnyjGX4l-y8Q2Y
2025-09-19 14:26:41,103 - INFO - Processing record: -OYU4_RvACqrba709jFt
2025-09-19 14:26:41,900 - INFO - Processing record: -OYUm62X4Uera8acSrfC
2025-09-19 14:26:43,511 - INFO - Processing record: -OYVq9IGO6PKMqsS2Dta
2025-09-19 14:26:44,167 - INFO - Processing record: -OYX-pB7dum-jWlFW0Zz
2025-09-19 14:26:44,700 - INFO - Processing record: -OYY_brXewb9jcMNOHRZ
2025-09-19 14:26:45,215 - INFO - Processing record: -OYYzSjrvbQzSlykKqV4
2025-09-19 14:26:45,492 - INFO - Processing record: -OYZLoDqS5LzK5ZFopZx
2025-09-19 14:26:45,913 - INFO - Processing record: -OYZVy0if-PDPgU-FoOU
2025-09-19 14:26:47,113 - INFO - Processing record: -OYZu_CVtDlm7cnEz898
2025-09-19 14:26:48,634 - INFO - Processing record: -OY_nhh0CtM0jiD3kayU
2025-09-19 14:26:49,229 - INFO - Processing record: -OYaOhHxV-CeXxQZe__z
2025-09-19 14:26:50,192 - INFO - Processing record: -OYctLASgxZ-zO3YCXoY
2025-09-19 14:26:53,012 - INFO - Processing record: -OYdOyArmooMBVQ1dKqI
2025-09-19 14:26:54,876 - INFO - Processing record: -OYdmHv7tmjbdefafteL
2025-09-19 14:26:55,313 - INFO - Processing record: -OYdt6fOFXD84c9D2_ym
2025-09-19 14:26:57,192 - INFO - Processing record: -OYfHDAVsE81l-rjaVQx
2025-09-19 14:26:57,784 - INFO - Processing record: -OYfK7hwlpIH063zgc7v
2025-09-19 14:26:58,634 - INFO - Processing record: -OYhoIBHd9_O9My1vwtW
2025-09-19 14:27:00,074 - INFO - Processing record: -OYi0hEGTiUh0_hNzOEl
2025-09-19 14:27:00,521 - INFO - Processing record: -OYiatMmPei_rYQzo4rO
2025-09-19 14:27:01,971 - INFO - Processing record: -OYibrYnTqwjbf9z8pmX
2025-09-19 14:27:02,957 - INFO - Processing record: -OYj1OdNol6npYNp0yoq
2025-09-19 14:27:03,720 - INFO - Processing record: -OYj2IMYMnPqT3Wgxxck
2025-09-19 14:27:04,198 - INFO - Processing record: -OYjA-Rl_WLNLxJwu8Zh
2025-09-19 14:27:04,838 - INFO - Processing record: -OYlC6dkxySAZCVvkUs_
2025-09-19 14:27:05,461 - INFO - Processing record: -OYnE4J9JYgToyC98lRe
2025-09-19 14:27:06,377 - INFO - Processing record: -OYnYOdWFlwIT_jegml6
2025-09-19 14:27:09,301 - INFO - Processing record: -OYnhbxHtyBbt0bKcDzz
2025-09-19 14:27:09,897 - INFO - Processing record: -OYnr5m5PHyTNqqMT4vF
2025-09-19 14:27:10,431 - INFO - Processing record: -OYo0pJvtQv_2BVF1CRo
2025-09-19 14:27:11,957 - INFO - Processing record: -OYs2-xItoPeuSQBuvSr
2025-09-19 14:27:12,815 - INFO - Processing record: -OYsOaLeDzvmiKuAwlQ5
2025-09-19 14:27:13,693 - INFO - Processing record: -OYsbgRyY8Dy6mvUv69-
2025-09-19 14:27:14,624 - INFO - Processing record: -OYtBXK1sOsbJC0l12oT
2025-09-19 14:27:15,100 - INFO - Processing record: -OYtMaTq2Wo1GwOQd1sT
2025-09-19 14:27:15,682 - INFO - Processing record: -OYu_XVe7mVh3ScprPtv
2025-09-19 14:27:16,721 - INFO - Processing record: -OYu_fTKYK27hCmHtlvH
2025-09-19 14:27:17,645 - INFO - Processing record: -OYxFmfe9OfgUAdLHm8J
2025-09-19 14:27:18,267 - INFO - Processing record: -OYxaqI5ca83swlIYhsm
2025-09-19 14:27:18,806 - INFO - Processing record: -OYxcrr46uoajQG4OHhL
2025-09-19 14:27:19,396 - INFO - Processing record: -OYxx1kdoq-szTqlbwNq
2025-09-19 14:27:20,117 - INFO - Processing record: -OYyMAYCDRTO69xy6N3c
2025-09-19 14:27:21,013 - INFO - Processing record: -OYyXVzx6tcSQ7Iu3mwE
2025-09-19 14:27:21,768 - INFO - Processing record: -OYyZ08Jnn7KjXyhAYuw
2025-09-19 14:27:23,579 - INFO - Processing record: -OZ-BqjAXyHrT5J1fBH0
2025-09-19 14:27:24,538 - INFO - Processing record: -OZ-dLGSxb8GRMI4d2NX
2025-09-19 14:27:24,540 - INFO - Processing record: -OZ1YTCzYceR1oD7EuGE
2025-09-19 14:27:25,313 - INFO - Processing record: -OZ1diQHv0zuesxW5GUE
2025-09-19 14:27:27,238 - INFO - Processing record: -OZ1r9n0CZDqzB0ud62L
2025-09-19 14:27:28,031 - INFO - Processing record: -OZ2lfDFqI8feQaH6pKS
2025-09-19 14:27:29,620 - INFO - Processing record: -OZ6b68DqgZtHCyXDWdC
2025-09-19 14:27:30,322 - INFO - Processing record: -OZ6dGzf0BZA6sfI038T
2025-09-19 14:27:31,318 - INFO - Processing record: -OZ6gG9UcPumARlQUBtL
2025-09-19 14:27:32,982 - INFO - Processing record: -OZ6q7fIFKbmgqdnQ_-r
2025-09-19 14:27:33,765 - INFO - Processing record: -OZ6uW7SzBp2JwVZ6gi8
2025-09-19 14:27:34,727 - INFO - Processing record: -OZ7tXwuJl_31x81JIyf
2025-09-19 14:27:35,067 - INFO - Processing record: -OZBuMt7EwfRYvW8RJw4
2025-09-19 14:27:35,077 - INFO - Processing record: -OZBubLO2QfjLXa0Kmd6
2025-09-19 14:27:36,315 - INFO - Processing record: -OZC1jBTozThm-_7j4_K
2025-09-19 14:27:36,936 - INFO - Processing record: -OZC7US8BT12X_0UgY9q
2025-09-19 14:27:38,988 - INFO - Processing record: -OZD-3BYm6oHd_b-FRIY
2025-09-19 14:27:40,484 - INFO - Processing record: -OZEoM_Ly8RROIhdWLCs
2025-09-19 14:27:41,221 - INFO - Processing record: -OZExl2cw0OiqDn4f3Ft
2025-09-19 14:27:42,886 - INFO - Processing record: -OZHRX7yZXpNAd1BO2DY
2025-09-19 14:27:43,694 - INFO - Processing record: -OZI92DusuOsR0swL5X_
2025-09-19 14:27:45,333 - INFO - Processing record: -OZM3dfd0xQppKcEk9LJ
2025-09-19 14:27:45,759 - INFO - Processing record: -OZM5SlGyOXIDB97LRGQ
2025-09-19 14:27:46,368 - INFO - Processing record: -OZM7SJ4xd2tKfGj6Rv2
2025-09-19 14:27:47,694 - INFO - Processing record: -OZMONm69iOM7S0c6Rrv
2025-09-19 14:27:48,190 - INFO - Processing record: -OZMQhBhu5Yoz-Y6o2Hb
2025-09-19 14:27:49,336 - INFO - Processing record: -OZMdvRyNwzxlNcvrq82
2025-09-19 14:27:49,336 - INFO - Processing record: -OZMeaIshv293dJ3pgvs
2025-09-19 14:27:50,858 - INFO - Processing record: -OZRGDCHuKkelb_lqVoP
2025-09-19 14:27:51,449 - INFO - Processing record: -OZROl8dcYApyc2zLRfY
2025-09-19 14:27:52,053 - INFO - Processing record: -OZRVd6uv-kjMacBvyFe
2025-09-19 14:27:53,425 - INFO - Processing record: -OZRVlBLLNl__vHpply1
2025-09-19 14:27:54,205 - INFO - Processing record: -OZRfKV5tjr8F7jnqrH0
2025-09-19 14:27:55,765 - INFO - Processing record: -OZS2zA77Qxej4OmuPVB
2025-09-19 14:27:56,208 - INFO - Processing record: -OZSVWuJDeHeUY3cE_w4
2025-09-19 14:27:57,302 - INFO - Processing record: -OZSVwIo-WYENwdm6L1F
2025-09-19 14:27:57,875 - INFO - Processing record: -OZU8Y75VBOOZfRSqdhs
2025-09-19 14:27:58,699 - INFO - Processing record: -OZWRu7NFS1fZv5pEFwb
2025-09-19 14:27:59,332 - INFO - Processing record: -OZWeqkdEs-0SsjSAVoU
2025-09-19 14:28:00,283 - INFO - Processing record: -OZWld6TQZUasEro3yf1
2025-09-19 14:28:00,795 - INFO - Processing record: -OZX9rdPkcno-oMVA9ah
2025-09-19 14:28:01,241 - INFO - Processing record: -OZXEzW8DxQCMdtGC39u
2025-09-19 14:28:01,867 - INFO - Processing record: -OZXFd5zR_27UdlNZwAJ
2025-09-19 14:28:02,480 - INFO - Processing record: -OZXMEnO9tt643PXIXbd
2025-09-19 14:28:03,067 - INFO - Processing record: -OZZybMRuZZT1j09h8ED
2025-09-19 14:28:03,764 - INFO - Processing record: -OZb3Orn87mG0KHWlpRU
2025-09-19 14:28:04,410 - INFO - Processing record: -OZb6_pPfBCRxLr5jQIb
2025-09-19 14:28:04,410 - INFO - Processing record: -OZbG5vkBgjnkp3eRYFj
2025-09-19 14:28:05,290 - INFO - Processing record: -OZbJALv-v1GtayM0gyc
2025-09-19 14:28:06,644 - INFO - Processing record: -OZbXB9wT1EkP6IheMrK
2025-09-19 14:28:07,473 - INFO - Processing record: -OZfhuhul33hLhq5LEji
2025-09-19 14:28:07,947 - INFO - Processing record: -OZfrJDUhOJbOYLRpvCJ
2025-09-19 14:28:08,825 - INFO - Processing record: -OZfrqxAFqv0mHfZCT1F
2025-09-19 14:28:11,123 - INFO - Processing record: -OZfrvuObTScBWtZCUzg
2025-09-19 14:28:11,601 - INFO - Processing record: -OZfrwelWPbtZNH_CgOL
2025-09-19 14:28:12,235 - INFO - Processing record: -OZfsa_vuzTynOl6mqvq
2025-09-19 14:28:12,890 - INFO - Processing record: -OZfsxQY4jDGj094SgRb
2025-09-19 14:28:13,473 - INFO - Processing record: -OZfuVNVlFi1XAn_p_hB
2025-09-19 14:28:14,353 - INFO - Processing record: -OZfwSh0VjVG92IxUhGi
2025-09-19 14:28:15,496 - INFO - Processing record: -OZfwhoSChpP3VmGKR__
2025-09-19 14:28:16,406 - INFO - Processing record: -OZfwx_4k99hz9Eo1KC1
2025-09-19 14:28:16,894 - INFO - Processing record: -OZfxc08tCxxNPmRZe5z
2025-09-19 14:28:16,896 - INFO - Processing record: -OZfyP1ZMagirLr5Q-Mu
2025-09-19 14:28:16,896 - INFO - Processing record: -OZfyaHdFy-lpMQbSCgF
2025-09-19 14:28:17,678 - INFO - Processing record: -OZfyb5_rTtIR05Wy_nB
2025-09-19 14:28:18,321 - INFO - Processing record: -OZgESdUAKHaHKKfYCSL
2025-09-19 14:28:19,040 - INFO - Processing record: -OZgEbUBNPdmIahlEM_z
2025-09-19 14:28:19,714 - INFO - Processing record: -OZgiDPSM4A91N6BavJi
2025-09-19 14:28:20,250 - INFO - Processing record: -OZgidD40LzrwH_RnkjA
2025-09-19 14:28:20,606 - INFO - Processing record: -OZglGXRcKOfpWjdiEP0
2025-09-19 14:28:21,310 - INFO - Processing record: -OZgm9kmtfHvIVpNYLZj
2025-09-19 14:28:21,765 - INFO - Processing record: -OZgxewJlRZ8MaR_BZ65
2025-09-19 14:28:22,345 - INFO - Processing record: -OZh7ZPpXjIA6M_jujyi
2025-09-19 14:28:22,925 - INFO - Processing record: -OZi0dcHuUlcTG2qFBmk
2025-09-19 14:28:23,494 - INFO - Processing record: -OZiPUds8thKFl7n-HjN
2025-09-19 14:28:23,984 - INFO - Processing record: -OZkuk4su8W44gdoPQif
2025-09-19 14:28:24,831 - INFO - Processing record: -OZl-wlLrhKd1BBBBouS
2025-09-19 14:28:27,109 - INFO - Processing record: -OZl4JGqzxFGGckrc5iX
2025-09-19 14:28:27,713 - INFO - Processing record: -OZl7e2JXNDwzJv6bFaf
2025-09-19 14:28:28,392 - INFO - Processing record: -OZlSWSzG-pL68Qc6E-A
2025-09-19 14:28:28,759 - INFO - Processing record: -OZlTqWuB6qg3iDs05jm
2025-09-19 14:28:29,400 - INFO - Processing record: -OZlw5hl-DGqOcrljQS3
2025-09-19 14:28:31,108 - INFO - Processing record: -OZlycRKQK24yu8w9zMP
2025-09-19 14:28:31,979 - INFO - Processing record: -OZps-e1kBCb7lOHUPR6
2025-09-19 14:28:32,568 - INFO - Processing record: -OZq8dEHADJqZh3_2xka
2025-09-19 14:28:33,311 - INFO - Processing record: -OZqqy4zeTRuoaOA7271
2025-09-19 14:28:34,089 - INFO - Processing record: -OZr896CS4IBOf0M0uSh
2025-09-19 14:28:34,767 - INFO - Processing record: -OZrD2JzuvFb4DtUsa3d
2025-09-19 14:28:35,298 - INFO - Processing record: -O_-kpaqzMo_-t2EVpVP
2025-09-19 14:28:35,962 - INFO - Processing record: -O_07zpgquEwe7y-a9Pa
2025-09-19 14:28:36,720 - INFO - Processing record: -O_0G0g0zq0BmlenmxYE
2025-09-19 14:28:37,175 - INFO - Processing record: -O_5-A_kqmJwku68U14z
2025-09-19 14:28:37,609 - INFO - Processing record: -O_FwFrHu1yXjeOlO1k0
2025-09-19 14:28:37,992 - INFO - Processing record: -O_Giedq1U96nex6GYC-
2025-09-19 14:28:38,568 - INFO - Processing record: -O_LEmHSa1-mk42mwxvV
2025-09-19 14:28:40,223 - INFO - Saving output to: final_output.json
2025-09-19 14:28:40,250 - INFO - 
=== PIPELINE STATISTICS ===
2025-09-19 14:28:40,251 - INFO - Total records: 292
2025-09-19 14:28:40,251 - INFO - Records processed: 292
2025-09-19 14:28:40,252 - INFO - Images downloaded: 0
2025-09-19 14:28:40,252 - INFO - Download failures: 0
2025-09-19 14:28:40,252 - INFO - Successful categorizations: 0
2025-09-19 14:28:40,252 - INFO - Fallback categorizations: 0
2025-09-19 14:28:40,253 - INFO - Processing success rate: 100.0%
2025-09-19 14:28:40,254 - INFO - === PIPELINE COMPLETED SUCCESSFULLY ===
